Log file open, 01/31/22 20:47:39
LogWindows: Failed to load 'aqProf.dll' (GetLastError=126)
LogWindows: File 'aqProf.dll' does not exist
LogWindows: Failed to load 'VtuneApi.dll' (GetLastError=126)
LogWindows: File 'VtuneApi.dll' does not exist
LogWindows: Failed to load 'VtuneApi32e.dll' (GetLastError=126)
LogWindows: File 'VtuneApi32e.dll' does not exist
LogConsoleResponse: Display: Failed to find resolution value strings in scalability ini. Falling back to default.
LogConsoleResponse: Display: Failed to find resolution value strings in scalability ini. Falling back to default.
LogInit: Display: Running engine for game: BuildingEscape
LogPlatformFile: Not using cached read wrapper
LogTaskGraph: Started task graph with 5 named threads and 47 total threads with 3 sets of task threads.
LogStats: Stats thread started at 0.225793
LogICUInternationalization: ICU TimeZone Detection - Raw Offset: -8:00, Platform Override: ''
LogInit: Display: Loading text-based GConfig....
LogPluginManager: Mounting plugin MeshPainting
LogPluginManager: Mounting plugin XGEController
LogPluginManager: Mounting plugin Paper2D
LogPluginManager: Mounting plugin EnvironmentQueryEditor
LogPluginManager: Mounting plugin AISupport
LogPluginManager: Mounting plugin LightPropagationVolume
LogPluginManager: Mounting plugin CameraShakePreviewer
LogPluginManager: Mounting plugin GameplayCameras
LogPluginManager: Mounting plugin AnimationSharing
LogPluginManager: Mounting plugin OodleData
LogPluginManager: Mounting plugin CLionSourceCodeAccess
LogPluginManager: Mounting plugin CodeLiteSourceCodeAccess
LogPluginManager: Mounting plugin GitSourceControl
LogPluginManager: Mounting plugin KDevelopSourceCodeAccess
LogPluginManager: Mounting plugin NullSourceCodeAccess
LogPluginManager: Mounting plugin PerforceSourceControl
LogPluginManager: Mounting plugin PixWinPlugin
LogPluginManager: Mounting plugin PluginUtils
LogPluginManager: Mounting plugin PlasticSourceControl
LogPluginManager: Mounting plugin PropertyAccessNode
LogPluginManager: Mounting plugin RiderSourceCodeAccess
LogPluginManager: Mounting plugin SubversionSourceControl
LogPluginManager: Mounting plugin TextureFormatOodle
LogPluginManager: Mounting plugin DatasmithContent
LogPluginManager: Mounting plugin UObjectPlugin
LogPluginManager: Mounting plugin VisualStudioSourceCodeAccess
LogPluginManager: Mounting plugin VisualStudioCodeSourceCodeAccess
LogPluginManager: Mounting plugin XCodeSourceCodeAccess
LogPluginManager: Mounting plugin AssetManagerEditor
LogPluginManager: Mounting plugin Niagara
LogPluginManager: Mounting plugin CryptoKeys
LogPluginManager: Mounting plugin CurveEditorTools
LogPluginManager: Mounting plugin DataValidation
LogPluginManager: Mounting plugin FacialAnimation
LogPluginManager: Mounting plugin GeometryMode
LogPluginManager: Mounting plugin GameplayTagsEditor
LogPluginManager: Mounting plugin MacGraphicsSwitching
LogPluginManager: Mounting plugin MaterialAnalyzer
LogPluginManager: Mounting plugin MobileLauncherProfileWizard
LogPluginManager: Mounting plugin PluginBrowser
LogPluginManager: Mounting plugin SpeedTreeImporter
LogPluginManager: Mounting plugin AlembicImporter
LogPluginManager: Mounting plugin BackChannel
LogPluginManager: Mounting plugin AutomationUtils
LogPluginManager: Mounting plugin ChaosCloth
LogPluginManager: Mounting plugin ChaosClothEditor
LogPluginManager: Mounting plugin VariantManagerContent
LogPluginManager: Mounting plugin ChaosNiagara
LogPluginManager: Mounting plugin ChaosEditor
LogPluginManager: Mounting plugin ChaosSolverPlugin
LogPluginManager: Mounting plugin CharacterAI
LogPluginManager: Mounting plugin GeometryCache
LogPluginManager: Mounting plugin GeometryCollectionPlugin
LogPluginManager: Mounting plugin GeometryProcessing
LogPluginManager: Mounting plugin MotoSynth
LogPluginManager: Mounting plugin OpenImageDenoise
LogPluginManager: Mounting plugin PlatformCrypto
LogPluginManager: Mounting plugin PlanarCut
LogPluginManager: Mounting plugin ProxyLODPlugin
LogPluginManager: Mounting plugin PythonScriptPlugin
LogPluginManager: Mounting plugin SkeletalReduction
LogPluginManager: Mounting plugin LuminPlatformFeatures
LogPluginManager: Mounting plugin MagicLeap
LogPluginManager: Mounting plugin MagicLeapLightEstimation
LogPluginManager: Mounting plugin MagicLeapMedia
LogPluginManager: Mounting plugin MagicLeapPassableWorld
LogPluginManager: Mounting plugin AndroidMedia
LogPluginManager: Mounting plugin AvfMedia
LogPluginManager: Mounting plugin MediaPlayerEditor
LogPluginManager: Mounting plugin WebMMedia
LogPluginManager: Mounting plugin MLSDK
LogPluginManager: Mounting plugin UdpMessaging
LogPluginManager: Mounting plugin ImgMedia
LogPluginManager: Mounting plugin ActorSequence
LogPluginManager: Mounting plugin WmfMedia
LogPluginManager: Mounting plugin TcpMessaging
LogPluginManager: Mounting plugin LevelSequenceEditor
LogPluginManager: Mounting plugin MatineeToLevelSequence
LogPluginManager: Mounting plugin TemplateSequence
LogPluginManager: Mounting plugin OnlineSubsystem
LogPluginManager: Mounting plugin OnlineSubsystemNull
LogPluginManager: Mounting plugin MediaCompositing
LogPluginManager: Mounting plugin OnlineSubsystemUtils
LogPluginManager: Mounting plugin ActorLayerUtilities
LogPluginManager: Mounting plugin LauncherChunkInstaller
LogPluginManager: Mounting plugin AndroidDeviceProfileSelector
LogPluginManager: Mounting plugin AndroidPermission
LogPluginManager: Mounting plugin AppleImageUtils
LogPluginManager: Mounting plugin AppleMoviePlayer
LogPluginManager: Mounting plugin ArchVisCharacter
LogPluginManager: Mounting plugin AudioCapture
LogPluginManager: Mounting plugin AudioSynesthesia
LogPluginManager: Mounting plugin CableComponent
LogPluginManager: Mounting plugin ChunkDownloader
LogPluginManager: Mounting plugin AndroidMoviePlayer
LogPluginManager: Mounting plugin CustomMeshComponent
LogPluginManager: Mounting plugin EditableMesh
LogPluginManager: Mounting plugin ExampleDeviceProfileSelector
LogPluginManager: Mounting plugin GoogleCloudMessaging
LogPluginManager: Mounting plugin GooglePAD
LogPluginManager: Mounting plugin AssetTags
LogPluginManager: Mounting plugin IOSDeviceProfileSelector
LogPluginManager: Mounting plugin LinuxDeviceProfileSelector
LogPluginManager: Mounting plugin LocationServicesBPLibrary
LogPluginManager: Mounting plugin MobilePatchingUtils
LogPluginManager: Mounting plugin OpenXR
LogPluginManager: Mounting plugin OpenXREyeTracker
LogPluginManager: Mounting plugin OpenXRHandTracking
LogPluginManager: Mounting plugin PostSplashScreen
LogPluginManager: Mounting plugin PhysXVehicles
LogPluginManager: Mounting plugin ProceduralMeshComponent
LogPluginManager: Mounting plugin PropertyAccessEditor
LogPluginManager: Mounting plugin RuntimePhysXCooking
LogPluginManager: Mounting plugin SoundFields
LogPluginManager: Mounting plugin SignificanceManager
LogPluginManager: Mounting plugin Synthesis
LogPluginManager: Mounting plugin WebMMoviePlayer
LogPluginManager: Mounting plugin WindowsMoviePlayer
LogPluginManager: Mounting plugin ScreenshotTools
LogPluginManager: Mounting plugin Takes
LogPluginManager: Mounting plugin LiveLink
LogPluginManager: Mounting plugin OodleNetwork
LogPluginManager: Mounting plugin ContentBrowserAssetDataSource
LogPluginManager: Mounting plugin ContentBrowserClassDataSource
LogPluginManager: Mounting plugin ContentBrowserFileDataSource
LogPluginManager: Mounting plugin OnlineSubsystemGooglePlay
LogPluginManager: Mounting plugin OnlineSubsystemIOS
LogPluginManager: Mounting plugin OculusVR
LogPluginManager: Mounting plugin SteamVR
PixWinPlugin: PIX capture plugin failed to initialize! Check that the process is launched from PIX.
LogLuminAPIImpl: Warning: MLSDK not found.  This likely means the MLSDK environment variable is not set.
LogInit: Using libcurl 7.55.1-DEV
LogInit:  - built for x86_64-pc-win32
LogInit:  - supports SSL with OpenSSL/1.1.1
LogInit:  - supports HTTP deflate (compression) using libz 1.2.8
LogInit:  - other features:
LogInit:      CURL_VERSION_SSL
LogInit:      CURL_VERSION_LIBZ
LogInit:      CURL_VERSION_IPV6
LogInit:      CURL_VERSION_ASYNCHDNS
LogInit:      CURL_VERSION_LARGEFILE
LogInit:      CURL_VERSION_IDN
LogInit:  CurlRequestOptions (configurable via config and command line):
LogInit:  - bVerifyPeer = true  - Libcurl will verify peer certificate
LogInit:  - bUseHttpProxy = false  - Libcurl will NOT use HTTP proxy
LogInit:  - bDontReuseConnections = false  - Libcurl will reuse connections
LogInit:  - MaxHostConnections = 16  - Libcurl will limit the number of connections to a host
LogInit:  - LocalHostAddr = Default
LogInit:  - BufferSize = 65536
LogOnline: OSS: Creating online subsystem instance for: NULL
LogInit: WinSock: version 1.1 (2.2), MaxSocks=32767, MaxUdp=65467
LogOnline: OSS: TryLoadSubsystemAndSetDefault: Loaded subsystem for module [NULL]
LogOculusPluginWrapper: OculusPlugin initialized successfully
LogHMD: Failed initializing OVRPlugin 1.59.0
LogInit: Build: ++UE4+Release-4.27-CL-18319896
LogInit: Engine Version: 4.27.2-18319896+++UE4+Release-4.27
LogInit: Compatible Engine Version: 4.27.0-17155196+++UE4+Release-4.27
LogInit: Net CL: 17155196
LogInit: OS: Windows 10 (Release 2009) (), CPU: Intel(R) Core(TM) i9-9900K CPU @ 3.60GHz, GPU: Intel(R) UHD Graphics 630
LogInit: Compiled (64-bit): Nov 30 2021 07:12:08
LogInit: Compiled with Visual C++: 19.24.28315.00
LogInit: Build Configuration: Development
LogInit: Branch Name: ++UE4+Release-4.27
LogInit: Command Line:  -EpicPortal -epicusername=Nightbreeze301 -epicuserid=2561b8d895a048549c542aaf71a4d09d -epiclocale=en -epicsandboxid=ue
LogInit: Base Directory: C:/Program Files/Epic Games/UE_4.27/Engine/Binaries/Win64/
LogInit: Allocator: TBB
LogInit: Installed Engine Build: 1
LogDevObjectVersion: Number of dev versions registered: 29
LogDevObjectVersion:   Dev-Blueprints (B0D832E4-1F89-4F0D-ACCF-7EB736FD4AA2): 10
LogDevObjectVersion:   Dev-Build (E1C64328-A22C-4D53-A36C-8E866417BD8C): 0
LogDevObjectVersion:   Dev-Core (375EC13C-06E4-48FB-B500-84F0262A717E): 4
LogDevObjectVersion:   Dev-Editor (E4B068ED-F494-42E9-A231-DA0B2E46BB41): 40
LogDevObjectVersion:   Dev-Framework (CFFC743F-43B0-4480-9391-14DF171D2073): 37
LogDevObjectVersion:   Dev-Mobile (B02B49B5-BB20-44E9-A304-32B752E40360): 3
LogDevObjectVersion:   Dev-Networking (A4E4105C-59A1-49B5-A7C5-40C4547EDFEE): 0
LogDevObjectVersion:   Dev-Online (39C831C9-5AE6-47DC-9A44-9C173E1C8E7C): 0
LogDevObjectVersion:   Dev-Physics (78F01B33-EBEA-4F98-B9B4-84EACCB95AA2): 14
LogDevObjectVersion:   Dev-Platform (6631380F-2D4D-43E0-8009-CF276956A95A): 0
LogDevObjectVersion:   Dev-Rendering (12F88B9F-8875-4AFC-A67C-D90C383ABD29): 45
LogDevObjectVersion:   Dev-Sequencer (7B5AE74C-D270-4C10-A958-57980B212A5A): 13
LogDevObjectVersion:   Dev-VR (D7296918-1DD6-4BDD-9DE2-64A83CC13884): 3
LogDevObjectVersion:   Dev-LoadTimes (C2A15278-BFE7-4AFE-6C17-90FF531DF755): 1
LogDevObjectVersion:   Private-Geometry (6EACA3D4-40EC-4CC1-B786-8BED09428FC5): 3
LogDevObjectVersion:   Dev-AnimPhys (29E575DD-E0A3-4627-9D10-D276232CDCEA): 17
LogDevObjectVersion:   Dev-Anim (AF43A65D-7FD3-4947-9873-3E8ED9C1BB05): 15
LogDevObjectVersion:   Dev-ReflectionCapture (6B266CEC-1EC7-4B8F-A30B-E4D90942FC07): 1
LogDevObjectVersion:   Dev-Automation (0DF73D61-A23F-47EA-B727-89E90C41499A): 1
LogDevObjectVersion:   FortniteMain (601D1886-AC64-4F84-AA16-D3DE0DEAC7D6): 47
LogDevObjectVersion:   FortniteRelease (E7086368-6B23-4C58-8439-1B7016265E91): 1
LogDevObjectVersion:   Dev-Enterprise (9DFFBCD6-494F-0158-E221-12823C92A888): 10
LogDevObjectVersion:   Dev-Niagara (F2AED0AC-9AFE-416F-8664-AA7FFA26D6FC): 1
LogDevObjectVersion:   Dev-Destruction (174F1F0B-B4C6-45A5-B13F-2EE8D0FB917D): 10
LogDevObjectVersion:   Dev-Physics-Ext (35F94A83-E258-406C-A318-09F59610247C): 41
LogDevObjectVersion:   Dev-PhysicsMaterial-Chaos (B68FC16E-8B1B-42E2-B453-215C058844FE): 1
LogDevObjectVersion:   Dev-CineCamera (B2E18506-4273-CFC2-A54E-F4BB758BBA07): 1
LogDevObjectVersion:   Dev-VirtualProduction (64F58936-FD1B-42BA-BA96-7289D5D0FA4E): 1
LogDevObjectVersion:   Dev-MediaFramework (6F0ED827-A609-4895-9C91-998D90180EA4): 2
LogInit: Presizing for max 25165824 objects, including 0 objects not considered by GC, pre-allocating 0 bytes for permanent pool.
LogConfig: Applying CVar settings from Section [/Script/Engine.StreamingSettings] File [C:/Users/shuss/OneDrive/Desktop/UnrealEngineDev/building-escape/BuildingEscape/Saved/Config/Windows/Engine.ini]
LogConfig: Setting CVar [[s.MinBulkDataSizeForAsyncLoading:131072]]
LogConfig: Setting CVar [[s.AsyncLoadingThreadEnabled:0]]
LogConfig: Setting CVar [[s.EventDrivenLoaderEnabled:1]]
LogConfig: Setting CVar [[s.WarnIfTimeLimitExceeded:0]]
LogConfig: Setting CVar [[s.TimeLimitExceededMultiplier:1.5]]
LogConfig: Setting CVar [[s.TimeLimitExceededMinTime:0.005]]
LogConfig: Setting CVar [[s.UseBackgroundLevelStreaming:1]]
LogConfig: Setting CVar [[s.PriorityAsyncLoadingExtraTime:15.0]]
LogConfig: Setting CVar [[s.LevelStreamingActorsUpdateTimeLimit:5.0]]
LogConfig: Setting CVar [[s.PriorityLevelStreamingActorsUpdateExtraTime:5.0]]
LogConfig: Setting CVar [[s.LevelStreamingComponentsRegistrationGranularity:10]]
LogConfig: Setting CVar [[s.UnregisterComponentsTimeLimit:1.0]]
LogConfig: Setting CVar [[s.LevelStreamingComponentsUnregistrationGranularity:5]]
LogConfig: Setting CVar [[s.FlushStreamingOnExit:1]]
LogInit: Object subsystem initialized
LogConfig: Setting CVar [[con.DebugEarlyDefault:1]]
LogConfig: Setting CVar [[r.setres:1280x720]]
[2022.02.01-04.47.40:099][  0]LogConfig: Setting CVar [[r.VSync:0]]
[2022.02.01-04.47.40:099][  0]LogConfig: Setting CVar [[r.RHICmdBypass:0]]
[2022.02.01-04.47.40:099][  0]LogConfig: Applying CVar settings from Section [/Script/Engine.RendererSettings] File [C:/Users/shuss/OneDrive/Desktop/UnrealEngineDev/building-escape/BuildingEscape/Saved/Config/Windows/Engine.ini]
[2022.02.01-04.47.40:099][  0]LogConfig: Setting CVar [[r.GPUCrashDebugging:0]]
[2022.02.01-04.47.40:099][  0]LogConfig: Applying CVar settings from Section [/Script/Engine.RendererOverrideSettings] File [C:/Users/shuss/OneDrive/Desktop/UnrealEngineDev/building-escape/BuildingEscape/Saved/Config/Windows/Engine.ini]
[2022.02.01-04.47.40:099][  0]LogConfig: Applying CVar settings from Section [/Script/Engine.StreamingSettings] File [C:/Users/shuss/OneDrive/Desktop/UnrealEngineDev/building-escape/BuildingEscape/Saved/Config/Windows/Engine.ini]
[2022.02.01-04.47.40:099][  0]LogConfig: Setting CVar [[s.MinBulkDataSizeForAsyncLoading:131072]]
[2022.02.01-04.47.40:099][  0]LogConfig: Setting CVar [[s.AsyncLoadingThreadEnabled:0]]
[2022.02.01-04.47.40:099][  0]LogConfig: Setting CVar [[s.EventDrivenLoaderEnabled:1]]
[2022.02.01-04.47.40:099][  0]LogConfig: Setting CVar [[s.WarnIfTimeLimitExceeded:0]]
[2022.02.01-04.47.40:099][  0]LogConfig: Setting CVar [[s.TimeLimitExceededMultiplier:1.5]]
[2022.02.01-04.47.40:099][  0]LogConfig: Setting CVar [[s.TimeLimitExceededMinTime:0.005]]
[2022.02.01-04.47.40:099][  0]LogConfig: Setting CVar [[s.UseBackgroundLevelStreaming:1]]
[2022.02.01-04.47.40:099][  0]LogConfig: Setting CVar [[s.PriorityAsyncLoadingExtraTime:15.0]]
[2022.02.01-04.47.40:099][  0]LogConfig: Setting CVar [[s.LevelStreamingActorsUpdateTimeLimit:5.0]]
[2022.02.01-04.47.40:099][  0]LogConfig: Setting CVar [[s.PriorityLevelStreamingActorsUpdateExtraTime:5.0]]
[2022.02.01-04.47.40:099][  0]LogConfig: Setting CVar [[s.LevelStreamingComponentsRegistrationGranularity:10]]
[2022.02.01-04.47.40:099][  0]LogConfig: Setting CVar [[s.UnregisterComponentsTimeLimit:1.0]]
[2022.02.01-04.47.40:099][  0]LogConfig: Setting CVar [[s.LevelStreamingComponentsUnregistrationGranularity:5]]
[2022.02.01-04.47.40:099][  0]LogConfig: Setting CVar [[s.FlushStreamingOnExit:1]]
[2022.02.01-04.47.40:099][  0]LogConfig: Applying CVar settings from Section [/Script/Engine.GarbageCollectionSettings] File [C:/Users/shuss/OneDrive/Desktop/UnrealEngineDev/building-escape/BuildingEscape/Saved/Config/Windows/Engine.ini]
[2022.02.01-04.47.40:099][  0]LogConfig: Setting CVar [[gc.MaxObjectsNotConsideredByGC:1]]
[2022.02.01-04.47.40:099][  0]LogConfig: Setting CVar [[gc.SizeOfPermanentObjectPool:0]]
[2022.02.01-04.47.40:099][  0]LogConfig: Setting CVar [[gc.FlushStreamingOnGC:0]]
[2022.02.01-04.47.40:099][  0]LogConfig: Setting CVar [[gc.NumRetriesBeforeForcingGC:10]]
[2022.02.01-04.47.40:099][  0]LogConfig: Setting CVar [[gc.AllowParallelGC:1]]
[2022.02.01-04.47.40:099][  0]LogConfig: Setting CVar [[gc.TimeBetweenPurgingPendingKillObjects:61.1]]
[2022.02.01-04.47.40:099][  0]LogConfig: Setting CVar [[gc.MaxObjectsInEditor:25165824]]
[2022.02.01-04.47.40:099][  0]LogConfig: Setting CVar [[gc.IncrementalBeginDestroyEnabled:1]]
[2022.02.01-04.47.40:099][  0]LogConfig: Setting CVar [[gc.CreateGCClusters:1]]
[2022.02.01-04.47.40:099][  0]LogConfig: Setting CVar [[gc.MinGCClusterSize:5]]
[2022.02.01-04.47.40:099][  0]LogConfig: Setting CVar [[gc.ActorClusteringEnabled:0]]
[2022.02.01-04.47.40:099][  0]LogConfig: Setting CVar [[gc.BlueprintClusteringEnabled:0]]
[2022.02.01-04.47.40:099][  0]LogConfig: Setting CVar [[gc.UseDisregardForGCOnDedicatedServers:0]]
[2022.02.01-04.47.40:099][  0]LogConfig: Setting CVar [[gc.MultithreadedDestructionEnabled:1]]
[2022.02.01-04.47.40:099][  0]LogConfig: Applying CVar settings from Section [/Script/Engine.NetworkSettings] File [C:/Users/shuss/OneDrive/Desktop/UnrealEngineDev/building-escape/BuildingEscape/Saved/Config/Windows/Engine.ini]
[2022.02.01-04.47.40:099][  0]LogConfig: Applying CVar settings from Section [/Script/UnrealEd.CookerSettings] File [C:/Users/shuss/OneDrive/Desktop/UnrealEngineDev/building-escape/BuildingEscape/Saved/Config/Windows/Engine.ini]
[2022.02.01-04.47.40:138][  0]LogConfig: Applying CVar settings from Section [ViewDistanceQuality@3] File [C:/Users/shuss/OneDrive/Desktop/UnrealEngineDev/building-escape/BuildingEscape/Saved/Config/Windows/Scalability.ini]
[2022.02.01-04.47.40:138][  0]LogConfig: Setting CVar [[r.SkeletalMeshLODBias:0]]
[2022.02.01-04.47.40:138][  0]LogConfig: Setting CVar [[r.ViewDistanceScale:1.0]]
[2022.02.01-04.47.40:138][  0]LogConfig: Applying CVar settings from Section [AntiAliasingQuality@3] File [C:/Users/shuss/OneDrive/Desktop/UnrealEngineDev/building-escape/BuildingEscape/Saved/Config/Windows/Scalability.ini]
[2022.02.01-04.47.40:138][  0]LogConfig: Setting CVar [[r.PostProcessAAQuality:4]]
[2022.02.01-04.47.40:138][  0]LogConfig: Applying CVar settings from Section [ShadowQuality@3] File [C:/Users/shuss/OneDrive/Desktop/UnrealEngineDev/building-escape/BuildingEscape/Saved/Config/Windows/Scalability.ini]
[2022.02.01-04.47.40:138][  0]LogConfig: Setting CVar [[r.LightFunctionQuality:1]]
[2022.02.01-04.47.40:138][  0]LogConfig: Setting CVar [[r.ShadowQuality:5]]
[2022.02.01-04.47.40:138][  0]LogConfig: Setting CVar [[r.Shadow.CSM.MaxCascades:10]]
[2022.02.01-04.47.40:138][  0]LogConfig: Setting CVar [[r.Shadow.MaxResolution:2048]]
[2022.02.01-04.47.40:138][  0]LogConfig: Setting CVar [[r.Shadow.MaxCSMResolution:2048]]
[2022.02.01-04.47.40:138][  0]LogConfig: Setting CVar [[r.Shadow.RadiusThreshold:0.01]]
[2022.02.01-04.47.40:138][  0]LogConfig: Setting CVar [[r.Shadow.DistanceScale:1.0]]
[2022.02.01-04.47.40:138][  0]LogConfig: Setting CVar [[r.Shadow.CSM.TransitionScale:1.0]]
[2022.02.01-04.47.40:138][  0]LogConfig: Setting CVar [[r.Shadow.PreShadowResolutionFactor:1.0]]
[2022.02.01-04.47.40:139][  0]LogConfig: Setting CVar [[r.DistanceFieldShadowing:1]]
[2022.02.01-04.47.40:139][  0]LogConfig: Setting CVar [[r.DistanceFieldAO:1]]
[2022.02.01-04.47.40:139][  0]LogConfig: Setting CVar [[r.AOQuality:2]]
[2022.02.01-04.47.40:139][  0]LogConfig: Setting CVar [[r.VolumetricFog:1]]
[2022.02.01-04.47.40:139][  0]LogConfig: Setting CVar [[r.VolumetricFog.GridPixelSize:8]]
[2022.02.01-04.47.40:139][  0]LogConfig: Setting CVar [[r.VolumetricFog.GridSizeZ:128]]
[2022.02.01-04.47.40:139][  0]LogConfig: Setting CVar [[r.VolumetricFog.HistoryMissSupersampleCount:4]]
[2022.02.01-04.47.40:139][  0]LogConfig: Setting CVar [[r.LightMaxDrawDistanceScale:1]]
[2022.02.01-04.47.40:139][  0]LogConfig: Setting CVar [[r.CapsuleShadows:1]]
[2022.02.01-04.47.40:139][  0]LogConfig: Applying CVar settings from Section [PostProcessQuality@3] File [C:/Users/shuss/OneDrive/Desktop/UnrealEngineDev/building-escape/BuildingEscape/Saved/Config/Windows/Scalability.ini]
[2022.02.01-04.47.40:139][  0]LogConfig: Setting CVar [[r.MotionBlurQuality:4]]
[2022.02.01-04.47.40:139][  0]LogConfig: Setting CVar [[r.AmbientOcclusionMipLevelFactor:0.4]]
[2022.02.01-04.47.40:139][  0]LogConfig: Setting CVar [[r.AmbientOcclusionMaxQuality:100]]
[2022.02.01-04.47.40:139][  0]LogConfig: Setting CVar [[r.AmbientOcclusionLevels:-1]]
[2022.02.01-04.47.40:139][  0]LogConfig: Setting CVar [[r.AmbientOcclusionRadiusScale:1.0]]
[2022.02.01-04.47.40:139][  0]LogConfig: Setting CVar [[r.DepthOfFieldQuality:2]]
[2022.02.01-04.47.40:139][  0]LogConfig: Setting CVar [[r.RenderTargetPoolMin:400]]
[2022.02.01-04.47.40:139][  0]LogConfig: Setting CVar [[r.LensFlareQuality:2]]
[2022.02.01-04.47.40:139][  0]LogConfig: Setting CVar [[r.SceneColorFringeQuality:1]]
[2022.02.01-04.47.40:139][  0]LogConfig: Setting CVar [[r.EyeAdaptationQuality:2]]
[2022.02.01-04.47.40:139][  0]LogConfig: Setting CVar [[r.BloomQuality:5]]
[2022.02.01-04.47.40:139][  0]LogConfig: Setting CVar [[r.FastBlurThreshold:100]]
[2022.02.01-04.47.40:139][  0]LogConfig: Setting CVar [[r.Upscale.Quality:3]]
[2022.02.01-04.47.40:139][  0]LogConfig: Setting CVar [[r.Tonemapper.GrainQuantization:1]]
[2022.02.01-04.47.40:139][  0]LogConfig: Setting CVar [[r.LightShaftQuality:1]]
[2022.02.01-04.47.40:139][  0]LogConfig: Setting CVar [[r.Filter.SizeScale:1]]
[2022.02.01-04.47.40:139][  0]LogConfig: Setting CVar [[r.Tonemapper.Quality:5]]
[2022.02.01-04.47.40:139][  0]LogConfig: Setting CVar [[r.DOF.Gather.AccumulatorQuality:1        ; higher gathering accumulator quality]]
[2022.02.01-04.47.40:139][  0]LogConfig: Setting CVar [[r.DOF.Gather.PostfilterMethod:1          ; Median3x3 postfilering method]]
[2022.02.01-04.47.40:139][  0]LogConfig: Setting CVar [[r.DOF.Gather.EnableBokehSettings:0       ; no bokeh simulation when gathering]]
[2022.02.01-04.47.40:139][  0]LogConfig: Setting CVar [[r.DOF.Gather.RingCount:4                 ; medium number of samples when gathering]]
[2022.02.01-04.47.40:139][  0]LogConfig: Setting CVar [[r.DOF.Scatter.ForegroundCompositing:1    ; additive foreground scattering]]
[2022.02.01-04.47.40:139][  0]LogConfig: Setting CVar [[r.DOF.Scatter.BackgroundCompositing:2    ; additive background scattering]]
[2022.02.01-04.47.40:139][  0]LogConfig: Setting CVar [[r.DOF.Scatter.EnableBokehSettings:1      ; bokeh simulation when scattering]]
[2022.02.01-04.47.40:139][  0]LogConfig: Setting CVar [[r.DOF.Scatter.MaxSpriteRatio:0.1         ; only a maximum of 10% of scattered bokeh]]
[2022.02.01-04.47.40:139][  0]LogConfig: Setting CVar [[r.DOF.Recombine.Quality:1                ; cheap slight out of focus]]
[2022.02.01-04.47.40:139][  0]LogConfig: Setting CVar [[r.DOF.Recombine.EnableBokehSettings:0    ; no bokeh simulation on slight out of focus]]
[2022.02.01-04.47.40:139][  0]LogConfig: Setting CVar [[r.DOF.TemporalAAQuality:1                ; more stable temporal accumulation]]
[2022.02.01-04.47.40:139][  0]LogConfig: Setting CVar [[r.DOF.Kernel.MaxForegroundRadius:0.025]]
[2022.02.01-04.47.40:139][  0]LogConfig: Setting CVar [[r.DOF.Kernel.MaxBackgroundRadius:0.025]]
[2022.02.01-04.47.40:139][  0]LogConfig: Applying CVar settings from Section [TextureQuality@3] File [C:/Users/shuss/OneDrive/Desktop/UnrealEngineDev/building-escape/BuildingEscape/Saved/Config/Windows/Scalability.ini]
[2022.02.01-04.47.40:139][  0]LogConfig: Setting CVar [[r.Streaming.MipBias:0]]
[2022.02.01-04.47.40:139][  0]LogConfig: Setting CVar [[r.Streaming.AmortizeCPUToGPUCopy:0]]
[2022.02.01-04.47.40:139][  0]LogConfig: Setting CVar [[r.Streaming.MaxNumTexturesToStreamPerFrame:0]]
[2022.02.01-04.47.40:139][  0]LogConfig: Setting CVar [[r.Streaming.Boost:1]]
[2022.02.01-04.47.40:139][  0]LogConfig: Setting CVar [[r.MaxAnisotropy:8]]
[2022.02.01-04.47.40:139][  0]LogConfig: Setting CVar [[r.VT.MaxAnisotropy:8]]
[2022.02.01-04.47.40:139][  0]LogConfig: Setting CVar [[r.Streaming.LimitPoolSizeToVRAM:0]]
[2022.02.01-04.47.40:139][  0]LogConfig: Setting CVar [[r.Streaming.PoolSize:1000]]
[2022.02.01-04.47.40:139][  0]LogConfig: Setting CVar [[r.Streaming.MaxEffectiveScreenSize:0]]
[2022.02.01-04.47.40:139][  0]LogConfig: Applying CVar settings from Section [EffectsQuality@3] File [C:/Users/shuss/OneDrive/Desktop/UnrealEngineDev/building-escape/BuildingEscape/Saved/Config/Windows/Scalability.ini]
[2022.02.01-04.47.40:139][  0]LogConfig: Setting CVar [[r.TranslucencyLightingVolumeDim:64]]
[2022.02.01-04.47.40:139][  0]LogConfig: Setting CVar [[r.RefractionQuality:2]]
[2022.02.01-04.47.40:139][  0]LogConfig: Setting CVar [[r.SSR.Quality:3]]
[2022.02.01-04.47.40:139][  0]LogConfig: Setting CVar [[r.SSR.HalfResSceneColor:0]]
[2022.02.01-04.47.40:139][  0]LogConfig: Setting CVar [[r.SceneColorFormat:4]]
[2022.02.01-04.47.40:139][  0]LogConfig: Setting CVar [[r.DetailMode:2]]
[2022.02.01-04.47.40:139][  0]LogConfig: Setting CVar [[r.TranslucencyVolumeBlur:1]]
[2022.02.01-04.47.40:139][  0]LogConfig: Setting CVar [[r.MaterialQualityLevel:1 ; High quality]]
[2022.02.01-04.47.40:139][  0]LogConfig: Setting CVar [[r.AnisotropicMaterials:1]]
[2022.02.01-04.47.40:139][  0]LogConfig: Setting CVar [[r.SSS.Scale:1]]
[2022.02.01-04.47.40:139][  0]LogConfig: Setting CVar [[r.SSS.SampleSet:2]]
[2022.02.01-04.47.40:139][  0]LogConfig: Setting CVar [[r.SSS.Quality:1]]
[2022.02.01-04.47.40:139][  0]LogConfig: Setting CVar [[r.SSS.HalfRes:0]]
[2022.02.01-04.47.40:139][  0]LogConfig: Setting CVar [[r.SSGI.Quality:3]]
[2022.02.01-04.47.40:139][  0]LogConfig: Setting CVar [[r.EmitterSpawnRateScale:1.0]]
[2022.02.01-04.47.40:139][  0]LogConfig: Setting CVar [[r.ParticleLightQuality:2]]
[2022.02.01-04.47.40:139][  0]LogConfig: Setting CVar [[r.SkyAtmosphere.AerialPerspectiveLUT.FastApplyOnOpaque:1 ; Always have FastSkyLUT 1 in this case to avoid wrong sky]]
[2022.02.01-04.47.40:139][  0]LogConfig: Setting CVar [[r.SkyAtmosphere.AerialPerspectiveLUT.SampleCountMaxPerSlice:4]]
[2022.02.01-04.47.40:139][  0]LogConfig: Setting CVar [[r.SkyAtmosphere.AerialPerspectiveLUT.DepthResolution:16.0]]
[2022.02.01-04.47.40:139][  0]LogConfig: Setting CVar [[r.SkyAtmosphere.FastSkyLUT:1]]
[2022.02.01-04.47.40:139][  0]LogConfig: Setting CVar [[r.SkyAtmosphere.FastSkyLUT.SampleCountMin:4.0]]
[2022.02.01-04.47.40:139][  0]LogConfig: Setting CVar [[r.SkyAtmosphere.FastSkyLUT.SampleCountMax:128.0]]
[2022.02.01-04.47.40:139][  0]LogConfig: Setting CVar [[r.SkyAtmosphere.SampleCountMin:4.0]]
[2022.02.01-04.47.40:139][  0]LogConfig: Setting CVar [[r.SkyAtmosphere.SampleCountMax:128.0]]
[2022.02.01-04.47.40:139][  0]LogConfig: Setting CVar [[r.SkyAtmosphere.TransmittanceLUT.UseSmallFormat:0]]
[2022.02.01-04.47.40:139][  0]LogConfig: Setting CVar [[r.SkyAtmosphere.TransmittanceLUT.SampleCount:10.0]]
[2022.02.01-04.47.40:139][  0]LogConfig: Setting CVar [[r.SkyAtmosphere.MultiScatteringLUT.SampleCount:15.0]]
[2022.02.01-04.47.40:139][  0]LogConfig: Setting CVar [[r.SkyLight.RealTimeReflectionCapture:1]]
[2022.02.01-04.47.40:139][  0]LogConfig: Applying CVar settings from Section [FoliageQuality@3] File [C:/Users/shuss/OneDrive/Desktop/UnrealEngineDev/building-escape/BuildingEscape/Saved/Config/Windows/Scalability.ini]
[2022.02.01-04.47.40:139][  0]LogConfig: Setting CVar [[foliage.DensityScale:1.0]]
[2022.02.01-04.47.40:139][  0]LogConfig: Setting CVar [[grass.DensityScale:1.0]]
[2022.02.01-04.47.40:139][  0]LogConfig: Applying CVar settings from Section [ShadingQuality@3] File [C:/Users/shuss/OneDrive/Desktop/UnrealEngineDev/building-escape/BuildingEscape/Saved/Config/Windows/Scalability.ini]
[2022.02.01-04.47.40:139][  0]LogConfig: Setting CVar [[r.HairStrands.SkyLighting.IntegrationType:2]]
[2022.02.01-04.47.40:139][  0]LogConfig: Setting CVar [[r.HairStrands.SkyAO.SampleCount:4]]
[2022.02.01-04.47.40:139][  0]LogConfig: Setting CVar [[r.HairStrands.Visibility.MSAA.SamplePerPixel:4]]
[2022.02.01-04.47.40:140][  0]LogInit: Selected Device Profile: [Windows]
[2022.02.01-04.47.40:140][  0]LogInit: Applying CVar settings loaded from the selected device profile: [Windows]
[2022.02.01-04.47.40:140][  0]LogHAL: Display: Platform has ~ 32 GB [34191183872 / 34359738368 / 32], which maps to Largest [LargestMinGB=32, LargerMinGB=12, DefaultMinGB=8, SmallerMinGB=6, SmallestMinGB=0)
[2022.02.01-04.47.40:140][  0]LogInit: Going up to parent DeviceProfile []
[2022.02.01-04.47.40:140][  0]LogConfig: Applying CVar settings from Section [ViewDistanceQuality@3] File [C:/Users/shuss/OneDrive/Desktop/UnrealEngineDev/building-escape/BuildingEscape/Saved/Config/Windows/Scalability.ini]
[2022.02.01-04.47.40:140][  0]LogConfig: Setting CVar [[r.SkeletalMeshLODBias:0]]
[2022.02.01-04.47.40:140][  0]LogConfig: Setting CVar [[r.ViewDistanceScale:1.0]]
[2022.02.01-04.47.40:140][  0]LogConfig: Applying CVar settings from Section [AntiAliasingQuality@3] File [C:/Users/shuss/OneDrive/Desktop/UnrealEngineDev/building-escape/BuildingEscape/Saved/Config/Windows/Scalability.ini]
[2022.02.01-04.47.40:140][  0]LogConfig: Setting CVar [[r.PostProcessAAQuality:4]]
[2022.02.01-04.47.40:140][  0]LogConfig: Applying CVar settings from Section [ShadowQuality@3] File [C:/Users/shuss/OneDrive/Desktop/UnrealEngineDev/building-escape/BuildingEscape/Saved/Config/Windows/Scalability.ini]
[2022.02.01-04.47.40:140][  0]LogConfig: Setting CVar [[r.LightFunctionQuality:1]]
[2022.02.01-04.47.40:140][  0]LogConfig: Setting CVar [[r.ShadowQuality:5]]
[2022.02.01-04.47.40:140][  0]LogConfig: Setting CVar [[r.Shadow.CSM.MaxCascades:10]]
[2022.02.01-04.47.40:140][  0]LogConfig: Setting CVar [[r.Shadow.MaxResolution:2048]]
[2022.02.01-04.47.40:140][  0]LogConfig: Setting CVar [[r.Shadow.MaxCSMResolution:2048]]
[2022.02.01-04.47.40:140][  0]LogConfig: Setting CVar [[r.Shadow.RadiusThreshold:0.01]]
[2022.02.01-04.47.40:140][  0]LogConfig: Setting CVar [[r.Shadow.DistanceScale:1.0]]
[2022.02.01-04.47.40:140][  0]LogConfig: Setting CVar [[r.Shadow.CSM.TransitionScale:1.0]]
[2022.02.01-04.47.40:140][  0]LogConfig: Setting CVar [[r.Shadow.PreShadowResolutionFactor:1.0]]
[2022.02.01-04.47.40:140][  0]LogConfig: Setting CVar [[r.DistanceFieldShadowing:1]]
[2022.02.01-04.47.40:140][  0]LogConfig: Setting CVar [[r.DistanceFieldAO:1]]
[2022.02.01-04.47.40:140][  0]LogConfig: Setting CVar [[r.AOQuality:2]]
[2022.02.01-04.47.40:140][  0]LogConfig: Setting CVar [[r.VolumetricFog:1]]
[2022.02.01-04.47.40:140][  0]LogConfig: Setting CVar [[r.VolumetricFog.GridPixelSize:8]]
[2022.02.01-04.47.40:140][  0]LogConfig: Setting CVar [[r.VolumetricFog.GridSizeZ:128]]
[2022.02.01-04.47.40:140][  0]LogConfig: Setting CVar [[r.VolumetricFog.HistoryMissSupersampleCount:4]]
[2022.02.01-04.47.40:140][  0]LogConfig: Setting CVar [[r.LightMaxDrawDistanceScale:1]]
[2022.02.01-04.47.40:140][  0]LogConfig: Setting CVar [[r.CapsuleShadows:1]]
[2022.02.01-04.47.40:140][  0]LogConfig: Applying CVar settings from Section [PostProcessQuality@3] File [C:/Users/shuss/OneDrive/Desktop/UnrealEngineDev/building-escape/BuildingEscape/Saved/Config/Windows/Scalability.ini]
[2022.02.01-04.47.40:140][  0]LogConfig: Setting CVar [[r.MotionBlurQuality:4]]
[2022.02.01-04.47.40:140][  0]LogConfig: Setting CVar [[r.AmbientOcclusionMipLevelFactor:0.4]]
[2022.02.01-04.47.40:140][  0]LogConfig: Setting CVar [[r.AmbientOcclusionMaxQuality:100]]
[2022.02.01-04.47.40:140][  0]LogConfig: Setting CVar [[r.AmbientOcclusionLevels:-1]]
[2022.02.01-04.47.40:140][  0]LogConfig: Setting CVar [[r.AmbientOcclusionRadiusScale:1.0]]
[2022.02.01-04.47.40:140][  0]LogConfig: Setting CVar [[r.DepthOfFieldQuality:2]]
[2022.02.01-04.47.40:140][  0]LogConfig: Setting CVar [[r.RenderTargetPoolMin:400]]
[2022.02.01-04.47.40:140][  0]LogConfig: Setting CVar [[r.LensFlareQuality:2]]
[2022.02.01-04.47.40:140][  0]LogConfig: Setting CVar [[r.SceneColorFringeQuality:1]]
[2022.02.01-04.47.40:140][  0]LogConfig: Setting CVar [[r.EyeAdaptationQuality:2]]
[2022.02.01-04.47.40:140][  0]LogConfig: Setting CVar [[r.BloomQuality:5]]
[2022.02.01-04.47.40:140][  0]LogConfig: Setting CVar [[r.FastBlurThreshold:100]]
[2022.02.01-04.47.40:140][  0]LogConfig: Setting CVar [[r.Upscale.Quality:3]]
[2022.02.01-04.47.40:140][  0]LogConfig: Setting CVar [[r.Tonemapper.GrainQuantization:1]]
[2022.02.01-04.47.40:140][  0]LogConfig: Setting CVar [[r.LightShaftQuality:1]]
[2022.02.01-04.47.40:140][  0]LogConfig: Setting CVar [[r.Filter.SizeScale:1]]
[2022.02.01-04.47.40:140][  0]LogConfig: Setting CVar [[r.Tonemapper.Quality:5]]
[2022.02.01-04.47.40:140][  0]LogConfig: Setting CVar [[r.DOF.Gather.AccumulatorQuality:1        ; higher gathering accumulator quality]]
[2022.02.01-04.47.40:140][  0]LogConfig: Setting CVar [[r.DOF.Gather.PostfilterMethod:1          ; Median3x3 postfilering method]]
[2022.02.01-04.47.40:140][  0]LogConfig: Setting CVar [[r.DOF.Gather.EnableBokehSettings:0       ; no bokeh simulation when gathering]]
[2022.02.01-04.47.40:140][  0]LogConfig: Setting CVar [[r.DOF.Gather.RingCount:4                 ; medium number of samples when gathering]]
[2022.02.01-04.47.40:140][  0]LogConfig: Setting CVar [[r.DOF.Scatter.ForegroundCompositing:1    ; additive foreground scattering]]
[2022.02.01-04.47.40:140][  0]LogConfig: Setting CVar [[r.DOF.Scatter.BackgroundCompositing:2    ; additive background scattering]]
[2022.02.01-04.47.40:140][  0]LogConfig: Setting CVar [[r.DOF.Scatter.EnableBokehSettings:1      ; bokeh simulation when scattering]]
[2022.02.01-04.47.40:140][  0]LogConfig: Setting CVar [[r.DOF.Scatter.MaxSpriteRatio:0.1         ; only a maximum of 10% of scattered bokeh]]
[2022.02.01-04.47.40:140][  0]LogConfig: Setting CVar [[r.DOF.Recombine.Quality:1                ; cheap slight out of focus]]
[2022.02.01-04.47.40:140][  0]LogConfig: Setting CVar [[r.DOF.Recombine.EnableBokehSettings:0    ; no bokeh simulation on slight out of focus]]
[2022.02.01-04.47.40:140][  0]LogConfig: Setting CVar [[r.DOF.TemporalAAQuality:1                ; more stable temporal accumulation]]
[2022.02.01-04.47.40:140][  0]LogConfig: Setting CVar [[r.DOF.Kernel.MaxForegroundRadius:0.025]]
[2022.02.01-04.47.40:140][  0]LogConfig: Setting CVar [[r.DOF.Kernel.MaxBackgroundRadius:0.025]]
[2022.02.01-04.47.40:140][  0]LogConfig: Applying CVar settings from Section [TextureQuality@3] File [C:/Users/shuss/OneDrive/Desktop/UnrealEngineDev/building-escape/BuildingEscape/Saved/Config/Windows/Scalability.ini]
[2022.02.01-04.47.40:140][  0]LogConfig: Setting CVar [[r.Streaming.MipBias:0]]
[2022.02.01-04.47.40:140][  0]LogConfig: Setting CVar [[r.Streaming.AmortizeCPUToGPUCopy:0]]
[2022.02.01-04.47.40:140][  0]LogConfig: Setting CVar [[r.Streaming.MaxNumTexturesToStreamPerFrame:0]]
[2022.02.01-04.47.40:140][  0]LogConfig: Setting CVar [[r.Streaming.Boost:1]]
[2022.02.01-04.47.40:140][  0]LogConfig: Setting CVar [[r.MaxAnisotropy:8]]
[2022.02.01-04.47.40:140][  0]LogConfig: Setting CVar [[r.VT.MaxAnisotropy:8]]
[2022.02.01-04.47.40:140][  0]LogConfig: Setting CVar [[r.Streaming.LimitPoolSizeToVRAM:0]]
[2022.02.01-04.47.40:140][  0]LogConfig: Setting CVar [[r.Streaming.PoolSize:1000]]
[2022.02.01-04.47.40:140][  0]LogConfig: Setting CVar [[r.Streaming.MaxEffectiveScreenSize:0]]
[2022.02.01-04.47.40:140][  0]LogConfig: Applying CVar settings from Section [EffectsQuality@3] File [C:/Users/shuss/OneDrive/Desktop/UnrealEngineDev/building-escape/BuildingEscape/Saved/Config/Windows/Scalability.ini]
[2022.02.01-04.47.40:140][  0]LogConfig: Setting CVar [[r.TranslucencyLightingVolumeDim:64]]
[2022.02.01-04.47.40:140][  0]LogConfig: Setting CVar [[r.RefractionQuality:2]]
[2022.02.01-04.47.40:140][  0]LogConfig: Setting CVar [[r.SSR.Quality:3]]
[2022.02.01-04.47.40:140][  0]LogConfig: Setting CVar [[r.SSR.HalfResSceneColor:0]]
[2022.02.01-04.47.40:140][  0]LogConfig: Setting CVar [[r.SceneColorFormat:4]]
[2022.02.01-04.47.40:140][  0]LogConfig: Setting CVar [[r.DetailMode:2]]
[2022.02.01-04.47.40:140][  0]LogConfig: Setting CVar [[r.TranslucencyVolumeBlur:1]]
[2022.02.01-04.47.40:140][  0]LogConfig: Setting CVar [[r.MaterialQualityLevel:1 ; High quality]]
[2022.02.01-04.47.40:140][  0]LogConfig: Setting CVar [[r.AnisotropicMaterials:1]]
[2022.02.01-04.47.40:140][  0]LogConfig: Setting CVar [[r.SSS.Scale:1]]
[2022.02.01-04.47.40:140][  0]LogConfig: Setting CVar [[r.SSS.SampleSet:2]]
[2022.02.01-04.47.40:140][  0]LogConfig: Setting CVar [[r.SSS.Quality:1]]
[2022.02.01-04.47.40:140][  0]LogConfig: Setting CVar [[r.SSS.HalfRes:0]]
[2022.02.01-04.47.40:140][  0]LogConfig: Setting CVar [[r.SSGI.Quality:3]]
[2022.02.01-04.47.40:140][  0]LogConfig: Setting CVar [[r.EmitterSpawnRateScale:1.0]]
[2022.02.01-04.47.40:141][  0]LogConfig: Setting CVar [[r.ParticleLightQuality:2]]
[2022.02.01-04.47.40:141][  0]LogConfig: Setting CVar [[r.SkyAtmosphere.AerialPerspectiveLUT.FastApplyOnOpaque:1 ; Always have FastSkyLUT 1 in this case to avoid wrong sky]]
[2022.02.01-04.47.40:141][  0]LogConfig: Setting CVar [[r.SkyAtmosphere.AerialPerspectiveLUT.SampleCountMaxPerSlice:4]]
[2022.02.01-04.47.40:141][  0]LogConfig: Setting CVar [[r.SkyAtmosphere.AerialPerspectiveLUT.DepthResolution:16.0]]
[2022.02.01-04.47.40:141][  0]LogConfig: Setting CVar [[r.SkyAtmosphere.FastSkyLUT:1]]
[2022.02.01-04.47.40:141][  0]LogConfig: Setting CVar [[r.SkyAtmosphere.FastSkyLUT.SampleCountMin:4.0]]
[2022.02.01-04.47.40:141][  0]LogConfig: Setting CVar [[r.SkyAtmosphere.FastSkyLUT.SampleCountMax:128.0]]
[2022.02.01-04.47.40:141][  0]LogConfig: Setting CVar [[r.SkyAtmosphere.SampleCountMin:4.0]]
[2022.02.01-04.47.40:141][  0]LogConfig: Setting CVar [[r.SkyAtmosphere.SampleCountMax:128.0]]
[2022.02.01-04.47.40:141][  0]LogConfig: Setting CVar [[r.SkyAtmosphere.TransmittanceLUT.UseSmallFormat:0]]
[2022.02.01-04.47.40:141][  0]LogConfig: Setting CVar [[r.SkyAtmosphere.TransmittanceLUT.SampleCount:10.0]]
[2022.02.01-04.47.40:141][  0]LogConfig: Setting CVar [[r.SkyAtmosphere.MultiScatteringLUT.SampleCount:15.0]]
[2022.02.01-04.47.40:141][  0]LogConfig: Setting CVar [[r.SkyLight.RealTimeReflectionCapture:1]]
[2022.02.01-04.47.40:141][  0]LogConfig: Applying CVar settings from Section [FoliageQuality@3] File [C:/Users/shuss/OneDrive/Desktop/UnrealEngineDev/building-escape/BuildingEscape/Saved/Config/Windows/Scalability.ini]
[2022.02.01-04.47.40:141][  0]LogConfig: Setting CVar [[foliage.DensityScale:1.0]]
[2022.02.01-04.47.40:141][  0]LogConfig: Setting CVar [[grass.DensityScale:1.0]]
[2022.02.01-04.47.40:141][  0]LogConfig: Applying CVar settings from Section [ShadingQuality@3] File [C:/Users/shuss/OneDrive/Desktop/UnrealEngineDev/building-escape/BuildingEscape/Saved/Config/Windows/Scalability.ini]
[2022.02.01-04.47.40:141][  0]LogConfig: Setting CVar [[r.HairStrands.SkyLighting.IntegrationType:2]]
[2022.02.01-04.47.40:141][  0]LogConfig: Setting CVar [[r.HairStrands.SkyAO.SampleCount:4]]
[2022.02.01-04.47.40:141][  0]LogConfig: Setting CVar [[r.HairStrands.Visibility.MSAA.SamplePerPixel:4]]
[2022.02.01-04.47.40:141][  0]LogConfig: Applying CVar settings from Section [Startup] File [../../../Engine/Config/ConsoleVariables.ini]
[2022.02.01-04.47.40:141][  0]LogConfig: Setting CVar [[net.UseAdaptiveNetUpdateFrequency:0]]
[2022.02.01-04.47.40:141][  0]LogConfig: Setting CVar [[p.chaos.AllowCreatePhysxBodies:1]]
[2022.02.01-04.47.40:141][  0]LogConfig: Setting CVar [[fx.SkipVectorVMBackendOptimizations:1]]
[2022.02.01-04.47.40:141][  0]LogConfig: Applying CVar settings from Section [ConsoleVariables] File [C:/Users/shuss/OneDrive/Desktop/UnrealEngineDev/building-escape/BuildingEscape/Saved/Config/Windows/Engine.ini]
[2022.02.01-04.47.40:141][  0]LogConfig: Applying CVar settings from Section [ConsoleVariables] File [C:/Users/shuss/OneDrive/Desktop/UnrealEngineDev/building-escape/BuildingEscape/Saved/Config/Windows/Editor.ini]
[2022.02.01-04.47.40:141][  0]LogInit: Computer: XENON
[2022.02.01-04.47.40:141][  0]LogInit: User: shuss
[2022.02.01-04.47.40:141][  0]LogInit: CPU Page size=4096, Cores=8
[2022.02.01-04.47.40:141][  0]LogInit: High frequency timer resolution =10.000000 MHz
[2022.02.01-04.47.40:141][  0]LogMemory: Memory total: Physical=31.8GB (32GB approx)
[2022.02.01-04.47.40:141][  0]LogMemory: Platform Memory Stats for Windows
[2022.02.01-04.47.40:141][  0]LogMemory: Process Physical Memory: 146.27 MB used, 146.27 MB peak
[2022.02.01-04.47.40:141][  0]LogMemory: Process Virtual Memory: 129.41 MB used, 129.41 MB peak
[2022.02.01-04.47.40:141][  0]LogMemory: Physical Memory: 12961.32 MB used,  19645.94 MB free, 32607.25 MB total
[2022.02.01-04.47.40:141][  0]LogMemory: Virtual Memory: 134198696.00 MB used,  19032.40 MB free, 134217728.00 MB total
[2022.02.01-04.47.40:360][  0]LogWindows: WindowsPlatformFeatures enabled
[2022.02.01-04.47.40:395][  0]LogInit: Physics initialised using underlying interface: PhysX
[2022.02.01-04.47.40:396][  0]LogInit: Using OS detected language (en-US).
[2022.02.01-04.47.40:396][  0]LogInit: Using OS detected locale (en-US).
[2022.02.01-04.47.40:401][  0]LogTextLocalizationManager: No specific localization for 'en-US' exists, so the 'en' localization will be used.
[2022.02.01-04.47.40:603][  0]LogInit: Setting process to per monitor DPI aware
[2022.02.01-04.47.40:615][  0]LogWindowsTextInputMethodSystem: Display: IME system deactivated.
[2022.02.01-04.47.40:628][  0]LogSlate: New Slate User Created.  User Index 0, Is Virtual User: 0
[2022.02.01-04.47.40:628][  0]LogSlate: Slate User Registered.  User Index 0, Is Virtual User: 0
[2022.02.01-04.47.40:754][  0]LogD3D11RHI: Loaded GFSDK_Aftermath_Lib.x64.dll
[2022.02.01-04.47.40:757][  0]LogHMD: Failed to initialize OpenVR with code 110
[2022.02.01-04.47.40:757][  0]LogD3D11RHI: D3D11 min allowed feature level: 11_0
[2022.02.01-04.47.40:757][  0]LogD3D11RHI: D3D11 max allowed feature level: 11_0
[2022.02.01-04.47.40:757][  0]LogD3D11RHI: D3D11 adapters:
[2022.02.01-04.47.40:847][  0]LogD3D11RHI:    0. 'NVIDIA GeForce RTX 2080 SUPER' (Feature Level 11_0)
[2022.02.01-04.47.40:847][  0]LogD3D11RHI:       8010/0/16303 MB DedicatedVideo/DedicatedSystem/SharedSystem, Outputs:2, VendorId:0x10de
[2022.02.01-04.47.40:879][  0]LogD3D11RHI:    1. 'Intel(R) UHD Graphics 630' (Feature Level 11_0)
[2022.02.01-04.47.40:879][  0]LogD3D11RHI:       128/0/16303 MB DedicatedVideo/DedicatedSystem/SharedSystem, Outputs:0, VendorId:0x8086
[2022.02.01-04.47.40:881][  0]LogD3D11RHI:    2. 'Microsoft Basic Render Driver' (Feature Level 11_0)
[2022.02.01-04.47.40:881][  0]LogD3D11RHI:       0/0/16303 MB DedicatedVideo/DedicatedSystem/SharedSystem, Outputs:0, VendorId:0x1414
[2022.02.01-04.47.40:881][  0]LogD3D11RHI: Chosen D3D11 Adapter:
[2022.02.01-04.47.40:881][  0]LogD3D11RHI:     Description : NVIDIA GeForce RTX 2080 SUPER
[2022.02.01-04.47.40:881][  0]LogD3D11RHI:     VendorId    : 10de
[2022.02.01-04.47.40:881][  0]LogD3D11RHI:     DeviceId    : 1e81
[2022.02.01-04.47.40:881][  0]LogD3D11RHI:     SubSysId    : c7241462
[2022.02.01-04.47.40:881][  0]LogD3D11RHI:     Revision    : 00a1
[2022.02.01-04.47.40:881][  0]LogD3D11RHI:     DedicatedVideoMemory : 8399093760 bytes
[2022.02.01-04.47.40:881][  0]LogD3D11RHI:     DedicatedSystemMemory : 0 bytes
[2022.02.01-04.47.40:881][  0]LogD3D11RHI:     SharedSystemMemory : 17095591936 bytes
[2022.02.01-04.47.40:881][  0]LogD3D11RHI:     AdapterLuid : 0 64282
[2022.02.01-04.47.40:888][  0]LogD3D11RHI: Creating new Direct3DDevice
[2022.02.01-04.47.40:888][  0]LogD3D11RHI:     GPU DeviceId: 0x1e81 (for the marketing name, search the web for "GPU Device Id")
[2022.02.01-04.47.40:888][  0]LogWindows: EnumDisplayDevices:
[2022.02.01-04.47.40:888][  0]LogWindows:    0. 'Intel(R) UHD Graphics 630' (P:0 D:1)
[2022.02.01-04.47.40:888][  0]LogWindows:    1. 'Intel(R) UHD Graphics 630' (P:1 D:1)
[2022.02.01-04.47.40:888][  0]LogWindows:    2. 'Intel(R) UHD Graphics 630' (P:0 D:0)
[2022.02.01-04.47.40:889][  0]LogWindows:    3. 'NVIDIA GeForce RTX 2080 SUPER' (P:0 D:0)
[2022.02.01-04.47.40:889][  0]LogWindows:    4. 'NVIDIA GeForce RTX 2080 SUPER' (P:0 D:0)
[2022.02.01-04.47.40:889][  0]LogWindows:    5. 'NVIDIA GeForce RTX 2080 SUPER' (P:0 D:0)
[2022.02.01-04.47.40:889][  0]LogWindows:    6. 'NVIDIA GeForce RTX 2080 SUPER' (P:0 D:0)
[2022.02.01-04.47.40:889][  0]LogWindows: DebugString: PrimaryIsNotTheChoosenAdapter PrimaryIsNotTheChoosenAdapter PrimaryIsNotTheChoosenAdapter FoundDriverCount:4 
[2022.02.01-04.47.40:889][  0]LogD3D11RHI:     Adapter Name: NVIDIA GeForce RTX 2080 SUPER
[2022.02.01-04.47.40:889][  0]LogD3D11RHI:   Driver Version: 457.30 (internal:27.21.14.5730, unified:457.30)
[2022.02.01-04.47.40:889][  0]LogD3D11RHI:      Driver Date: 11-6-2020
[2022.02.01-04.47.40:889][  0]LogRHI: Texture pool is 5607 MB (70% of 8010 MB)
[2022.02.01-04.47.40:889][  0]LogD3D11RHI: Creating D3DDevice using adapter:
[2022.02.01-04.47.40:889][  0]LogD3D11RHI:     Description : NVIDIA GeForce RTX 2080 SUPER
[2022.02.01-04.47.40:889][  0]LogD3D11RHI:     VendorId    : 10de
[2022.02.01-04.47.40:889][  0]LogD3D11RHI:     DeviceId    : 1e81
[2022.02.01-04.47.40:889][  0]LogD3D11RHI:     SubSysId    : c7241462
[2022.02.01-04.47.40:889][  0]LogD3D11RHI:     Revision    : 00a1
[2022.02.01-04.47.40:889][  0]LogD3D11RHI:     DedicatedVideoMemory : 8399093760 bytes
[2022.02.01-04.47.40:889][  0]LogD3D11RHI:     DedicatedSystemMemory : 0 bytes
[2022.02.01-04.47.40:889][  0]LogD3D11RHI:     SharedSystemMemory : 17095591936 bytes
[2022.02.01-04.47.40:889][  0]LogD3D11RHI:     AdapterLuid : 0 64282
[2022.02.01-04.47.40:951][  0]LogD3D11RHI: RHI has support for 64 bit atomics
[2022.02.01-04.47.40:951][  0]LogD3D11RHI: Async texture creation enabled
[2022.02.01-04.47.40:951][  0]LogD3D11RHI: Array index from any shader is supported
[2022.02.01-04.47.40:965][  0]LogD3D11RHI: GPU Timing Frequency: 1000.000000 (Debug: 2 1)
[2022.02.01-04.47.41:001][  0]LogRHI: GeForceNow SDK initialized: 1
[2022.02.01-04.47.41:283][  0]LogTargetPlatformManager: Display: Loaded TargetPlatform 'AllDesktop'
[2022.02.01-04.47.41:308][  0]LogTargetPlatformManager: Display: Loaded TargetPlatform 'Android'
[2022.02.01-04.47.41:308][  0]LogTargetPlatformManager: Display: Loaded TargetPlatform 'Android_ASTC'
[2022.02.01-04.47.41:308][  0]LogTargetPlatformManager: Display: Loaded TargetPlatform 'Android_DXT'
[2022.02.01-04.47.41:308][  0]LogTargetPlatformManager: Display: Loaded TargetPlatform 'Android_ETC2'
[2022.02.01-04.47.41:308][  0]LogTargetPlatformManager: Display: Loaded TargetPlatform 'AndroidClient'
[2022.02.01-04.47.41:308][  0]LogTargetPlatformManager: Display: Loaded TargetPlatform 'Android_ASTCClient'
[2022.02.01-04.47.41:308][  0]LogTargetPlatformManager: Display: Loaded TargetPlatform 'Android_DXTClient'
[2022.02.01-04.47.41:308][  0]LogTargetPlatformManager: Display: Loaded TargetPlatform 'Android_ETC2Client'
[2022.02.01-04.47.41:308][  0]LogTargetPlatformManager: Display: Loaded TargetPlatform 'Android_Multi'
[2022.02.01-04.47.41:308][  0]LogTargetPlatformManager: Display: Loaded TargetPlatform 'Android_MultiClient'
[2022.02.01-04.47.41:327][  0]LogTargetPlatformManager: Display: Loaded TargetPlatform 'IOSClient'
[2022.02.01-04.47.41:327][  0]LogTargetPlatformManager: Display: Loaded TargetPlatform 'IOS'
[2022.02.01-04.47.41:339][  0]LogTargetPlatformManager: Display: Loaded TargetPlatform 'Linux'
[2022.02.01-04.47.41:343][  0]LogTargetPlatformManager: Display: Loaded TargetPlatform 'LinuxNoEditor'
[2022.02.01-04.47.41:347][  0]LogTargetPlatformManager: Display: Loaded TargetPlatform 'LinuxClient'
[2022.02.01-04.47.41:354][  0]LogTargetPlatformManager: Display: Loaded TargetPlatform 'LinuxServer'
[2022.02.01-04.47.41:363][  0]LogTargetPlatformManager: Display: Loaded TargetPlatform 'LinuxAArch64NoEditor'
[2022.02.01-04.47.41:371][  0]LogTargetPlatformManager: Display: Loaded TargetPlatform 'LinuxAArch64Client'
[2022.02.01-04.47.41:377][  0]LogTargetPlatformManager: Display: Loaded TargetPlatform 'LinuxAArch64Server'
[2022.02.01-04.47.41:409][  0]LogTargetPlatformManager: Display: Loaded TargetPlatform 'Lumin'
[2022.02.01-04.47.41:410][  0]LogTargetPlatformManager: Display: Loaded TargetPlatform 'LuminClient'
[2022.02.01-04.47.41:419][  0]LogTargetPlatformManager: Display: Loaded TargetPlatform 'MacNoEditor'
[2022.02.01-04.47.41:424][  0]LogTargetPlatformManager: Display: Loaded TargetPlatform 'Mac'
[2022.02.01-04.47.41:429][  0]LogTargetPlatformManager: Display: Loaded TargetPlatform 'MacClient'
[2022.02.01-04.47.41:435][  0]LogTargetPlatformManager: Display: Loaded TargetPlatform 'MacServer'
[2022.02.01-04.47.41:448][  0]LogTargetPlatformManager: Display: Loaded TargetPlatform 'TVOSClient'
[2022.02.01-04.47.41:448][  0]LogTargetPlatformManager: Display: Loaded TargetPlatform 'TVOS'
[2022.02.01-04.47.41:459][  0]LogTargetPlatformManager: Display: Loaded TargetPlatform 'WindowsNoEditor'
[2022.02.01-04.47.41:463][  0]LogTargetPlatformManager: Display: Loaded TargetPlatform 'Windows'
[2022.02.01-04.47.41:468][  0]LogTargetPlatformManager: Display: Loaded TargetPlatform 'WindowsClient'
[2022.02.01-04.47.41:472][  0]LogTargetPlatformManager: Display: Loaded TargetPlatform 'WindowsServer'
[2022.02.01-04.47.41:472][  0]LogTargetPlatformManager: Display: Building Assets For Windows
[2022.02.01-04.47.41:478][  0]LogAudioDebug: Display: Lib vorbis DLL was dynamically loaded.
[2022.02.01-04.47.41:507][  0]LogTextureFormatOodle: Display: Oodle Texture 2.9.0 init RDO Off
[2022.02.01-04.47.41:533][  0]LogRendererCore: Ray tracing is disabled. Reason: r.RayTracing=0.
[2022.02.01-04.47.41:533][  0]LogShaderCompilers: Guid format shader working directory is -48 characters bigger than the processId version (../../../../../../Users/shuss/OneDrive/Desktop/UnrealEngineDev/building-escape/BuildingEscape/Intermediate/Shaders/WorkingDirectory/24024/).
[2022.02.01-04.47.41:533][  0]LogShaderCompilers: Cleaned the shader compiler working directory 'C:/Users/shuss/AppData/Local/Temp/UnrealShaderWorkingDir/C78BBF8F40B6A6694C10D5985721D087/'.
[2022.02.01-04.47.41:533][  0]LogXGEController: Cannot use XGE Controller as Incredibuild is not installed on this machine.
[2022.02.01-04.47.41:533][  0]LogShaderCompilers: Cannot use XGE Shader Compiler as Incredibuild is not installed on this machine.
[2022.02.01-04.47.41:533][  0]LogShaderCompilers: Display: Using Local Shader Compiler.
[2022.02.01-04.47.42:329][  0]LogDerivedDataCache: Display: Max Cache Size: 512 MB
[2022.02.01-04.47.42:387][  0]LogDerivedDataCache: Loaded boot cache 0.06s 94MB C:/Users/shuss/AppData/Local/UnrealEngine/4.27/DerivedDataCache/Boot.ddc.
[2022.02.01-04.47.42:387][  0]LogDerivedDataCache: Display: Loaded Boot cache: C:/Users/shuss/AppData/Local/UnrealEngine/4.27/DerivedDataCache/Boot.ddc
[2022.02.01-04.47.42:387][  0]LogDerivedDataCache: FDerivedDataBackendGraph:  Pak pak cache file ../../../../../../Users/shuss/OneDrive/Desktop/UnrealEngineDev/building-escape/BuildingEscape/DerivedDataCache/DDC.ddp not found, will not use a pak cache.
[2022.02.01-04.47.42:387][  0]LogDerivedDataCache: Unable to find inner node Pak for hierarchical cache Hierarchy.
[2022.02.01-04.47.42:387][  0]LogDerivedDataCache: FDerivedDataBackendGraph:  CompressedPak pak cache file ../../../../../../Users/shuss/OneDrive/Desktop/UnrealEngineDev/building-escape/BuildingEscape/DerivedDataCache/Compressed.ddp not found, will not use a pak cache.
[2022.02.01-04.47.42:387][  0]LogDerivedDataCache: Unable to find inner node CompressedPak for hierarchical cache Hierarchy.
[2022.02.01-04.47.42:404][  0]LogDerivedDataCache: Display: Pak cache opened for reading ../../../Engine/DerivedDataCache/Compressed.ddp.
[2022.02.01-04.47.42:404][  0]LogDerivedDataCache: FDerivedDataBackendGraph:  EnterprisePak pak cache file ../../../Enterprise/DerivedDataCache/Compressed.ddp not found, will not use a pak cache.
[2022.02.01-04.47.42:404][  0]LogDerivedDataCache: Unable to find inner node EnterprisePak for hierarchical cache Hierarchy.
[2022.02.01-04.47.42:410][  0]LogDerivedDataCache: Speed tests for C:/Users/shuss/AppData/Local/UnrealEngine/Common/DerivedDataCache took 0.01 seconds
[2022.02.01-04.47.42:410][  0]LogDerivedDataCache: Display: Performance to C:/Users/shuss/AppData/Local/UnrealEngine/Common/DerivedDataCache: Latency=0.03ms. RandomReadSpeed=1423.50MBs, RandomWriteSpeed=181.92MBs. Assigned SpeedClass 'Local'
[2022.02.01-04.47.42:411][  0]LogDerivedDataCache: Using Local data cache path C:/Users/shuss/AppData/Local/UnrealEngine/Common/DerivedDataCache: Writable
[2022.02.01-04.47.42:411][  0]LogDerivedDataCache: Shared data cache path not found in *engine.ini, will not use an Shared cache.
[2022.02.01-04.47.42:411][  0]LogDerivedDataCache: Unable to find inner node Shared for hierarchical cache Hierarchy.
[2022.02.01-04.47.42:463][  0]LogSlate: Using FreeType 2.10.0
[2022.02.01-04.47.42:463][  0]LogSlate: SlateFontServices - WITH_FREETYPE: 1, WITH_HARFBUZZ: 1
[2022.02.01-04.47.42:486][  0]LogAssetRegistry: FAssetRegistry took 0.0025 seconds to start up
[2022.02.01-04.47.42:755][  0]LogInit: Selected Device Profile: [Windows]
[2022.02.01-04.47.42:755][  0]LogInit: Active device profile: [0000020F0E703200][0000020F00F10200 49] Windows
[2022.02.01-04.47.42:756][  0]LogInit: Profiles: [0000020F0E703200][0000020F00F10200 49] Windows, [0000020F0E6B1000][0000020F00F184C0 49] WindowsNoEditor, [0000020F0E701000][0000020F00F1C780 49] WindowsServer, [0000020F0E6B2C00][0000020F00F14A00 49] WindowsClient, [0000020F0E702B00][0000020F0F41CC80 49] IOS, [0000020F0E6B1700][0000020F0F424F40 49] iPadAir, [0000020F0E701600][0000020F0F451200 49] iPadAir2, [0000020F0E63FD00][0000020F0F48D740 49] IPadPro, [0000020F0E63FE00][0000020F0F47D780 49] iPadAir3, [0000020F0E702700][0000020F0F485A40 49] iPadAir4, [0000020F0E63D500][0000020F0F480180 49] iPadMini2, [0000020F0E701900][0000020F0F488440 49] iPadMini3, [0000020F0E63E600][0000020F0F490700 49] iPadMini4, [0000020F0E703600][0000020F0F4949C0 49] iPadMini5, [0000020F0E677600][0000020F0F4A4E80 49] iPhone6, [0000020F0E677700][0000020F0F420EC0 49] iPodTouch6, [0000020F0E63C300][0000020F0F4C1400 49] iPhone7, [0000020F0E63C200][0000020F0F4A1440 49] iPodTouch7, [0000020F0E675400][0000020F0F4B9700 49] iPhone5S, [0000020F0E63FC00][0000020F0F49D9C0 49] iPhone6Plus, [0000020F0E676700][0000020F0F4BC100 49] iPhone6S, [0000020F0E63FB00][0000020F0F4C43C0 49] iPhone6SPlus, [0000020F0E675A00][0000020F0F4C8680 49] iPhone7Plus, [0000020F0E63F700][0000020F0F4CC940 49] iPhoneSE, [0000020F0E677B00][0000020F0F4D0C00 49] iPhone8, [0000020F0E63D600][0000020F0F498E80 49] iPhone8Plus, [0000020F0E675800][0000020F0F4D5100 49] iPhoneX, [0000020F0E63FF00][0000020F0F4DD3C0 49] iPhoneXS, [0000020F0E674B00][0000020F0F4E1680 49] iPhoneXSMax, [0000020F0E63EA00][0000020F0F4E5940 49] iPhoneXR, [0000020F0E677C00][0000020F0F4E9C00 49] iPhone11, [0000020F0E63EC00][0000020F0F4EC340 49] iPhone11Pro, [0000020F0E676800][0000020F0F4F0600 49] iPhone11ProMax, [0000020F0E63DB00][0000020F0F4F48C0 49] iPhoneSE2, [0000020F0E676500][0000020F0F4F8B80 49] iPhone12Mini, [0000020F0E63CF00][0000020F0F4FCE40 49] iPhone12, [0000020F0E676B00][0000020F0F4D90C0 49] iPhone12Pro, [0000020F0E63E000][0000020F0F511340 49] iPhone12ProMax, [0000020F0E676A00][0000020F0F519600 49] iPadPro105, [0000020F0E63F800][0000020F0F51D8C0 49] iPadPro129, [0000020F0E675C00][0000020F0F521B80 49] iPadPro97, [0000020F0E63D300][0000020F0F5242C0 49] iPadPro2_129, [0000020F0E676D00][0000020F0F528580 49] iPad5, [0000020F0E63F100][0000020F0F52C840 49] iPad6, [0000020F0E674500][0000020F0F530B00 49] iPad7, [0000020F0E63D100][0000020F0F534DC0 49] iPad8, [0000020F0E677000][0000020F0F539080 49] iPadPro11, [0000020F0E63C800][0000020F0F515300 49] iPadPro2_11, [0000020F0E675300][0000020F0F53D580 49] iPadPro3_129, [0000020F0E63F500][0000020F0F545840 49] iPadPro4_129, [0000020F0E674F00][0000020F0F549B00 49] AppleTV, [0000020F0E63F300][0000020F0F54C240 49] AppleTV4K, [0000020F0E677A00][0000020F0F550500 49] TVOS, [0000020F0E63EB00][0000020F0F5547C0 49] Mac, [0000020F0E675D00][0000020F0F558A80 49] MacClient, [0000020F0E63E400][0000020F0F55CD40 49] MacNoEditor, [0000020F0E676200][0000020F0F561000 49] MacServer, [0000020F0E73C400][0000020F0F5652C0 49] Linux, [0000020F0E6B0700][0000020F0F541540 49] LinuxAArch64, [0000020F0E73DA00][0000020F0F5697C0 49] LinuxNoEditor, [0000020F0E6B1600][0000020F0F571A80 49] LinuxAArch64NoEditor, [0000020F0E73DD00][0000020F0F5741C0 49] LinuxClient, [0000020F0E6B1E00][0000020F0F578480 49] LinuxAArch64Client, [0000020F0E73D400][0000020F0F57C740 49] LinuxServer, [0000020F0E6B2A00][0000020F0F580A00 49] LinuxAArch64Server, [0000020F0E73CC00][0000020F0F584CC0 49] Android, [0000020F0E6B3100][0000020F0F588F80 49] Android_Low, [0000020F0E73DB00][0000020F0F58D240 49] Android_Mid, [0000020F0E6B1400][0000020F0F591500 49] Android_High, [0000020F0E73CE00][0000020F0F56D780 49] Android_Default, [0000020F0E6B2E00][0000020F0F599A40 49] Android_Adreno4xx, [0000020F0E73C500][0000020F0F5BE180 49] Android_Adreno5xx_Low, [0000020F0E6B2800][0000020F0F5D4440 49] Android_Adreno5xx, [0000020F0E73DC00][0000020F0F5D8700 49] Android_Adreno6xx, [0000020F0E6B0900][0000020F0F5DC9C0 49] Android_Adreno6xx_Vulkan, [0000020F0E73C800][0000020F0F5E0C80 49] Android_Mali_T6xx, [0000020F0E6B3C00][0000020F0F5E4F40 49] Android_Mali_T7xx, [0000020F0E675600][0000020F0F5E9200 49] Android_Mali_T8xx, [0000020F0E63DC00][0000020F0F5ED4C0 49] Android_Mali_G71, [0000020F0E676100][0000020F0F595740 49] Android_Mali_G72, [0000020F0E63CA00][0000020F0F5F19C0 49] Android_Mali_G72_Vulkan, [0000020F0E677D00][0000020F0F5F8100 49] Android_Mali_G76, [0000020F0E63E200][0000020F0F5FC3C0 49] Android_Mali_G76_Vulkan, [0000020F0E676000][0000020F0F600680 49] Android_Mali_G77, [0000020F0E63CB00][0000020F0F604940 49] Android_Mali_G77_Vulkan, [0000020F0E677900][0000020F0F608C00 49] Android_Mali_G78, [0000020F0E63DF00][0000020F0F60CEC0 49] Android_Mali_G78_Vulkan, [0000020F0E674300][0000020F0F611180 49] Android_Mali_G710, [0000020F0E63CC00][0000020F0F615440 49] Android_Mali_G710_Vulkan, [0000020F0E676300][0000020F0F619700 49] Android_Vulkan_SM5, [0000020F0E63F200][0000020F0F5F5980 49] Android_PowerVR_G6xxx, [0000020F0E674900][0000020F0F61DC00 49] Android_PowerVR_GT7xxx, [0000020F0E63E100][0000020F0F624340 49] Android_PowerVR_GE8xxx, [0000020F0E674600][0000020F0F628600 49] Android_PowerVR_GM9xxx, [0000020F0E63D700][0000020F0F62C8C0 49] Android_PowerVR_GM9xxx_Vulkan, [0000020F0E677400][0000020F0F630B80 49] Android_TegraK1, [0000020F0E63E700][0000020F0F634E40 49] Android_Unknown_Vulkan, [0000020F0E674200][0000020F0F639100 49] Lumin, [0000020F0E73D300][0000020F0F63D3C0 49] Lumin_Desktop, [0000020F0E676900][0000020F0F641680 49] HoloLens, 
[2022.02.01-04.47.42:933][  0]LogMeshReduction: Using QuadricMeshReduction for automatic static mesh reduction
[2022.02.01-04.47.42:933][  0]LogMeshReduction: Using SimplygonMeshReduction for automatic skeletal mesh reduction
[2022.02.01-04.47.42:933][  0]LogMeshReduction: Using ProxyLODMeshReduction for automatic mesh merging
[2022.02.01-04.47.42:933][  0]LogMeshReduction: No distributed automatic mesh merging module available
[2022.02.01-04.47.42:933][  0]LogMeshMerging: No distributed automatic mesh merging module available
[2022.02.01-04.47.42:954][  0]LogNetVersion: BuildingEscape 1.0.0, NetCL: 17155196, EngineNetVer: 17, GameNetVer: 0 (Checksum: 4056458892)
[2022.02.01-04.47.43:474][  0]LogTexture: Default maximum texture size for cubemaps generated from long-lat sources has been changed from 512 to unlimited. In order to preserve old behaiour for '/Engine/MapTemplates/Sky/DaylightAmbientCubemap.DaylightAmbientCubemap', its maximum texture size has been explicitly set to 512.
[2022.02.01-04.47.43:562][  0]LogHMD: PokeAHoleMaterial loaded successfully
[2022.02.01-04.47.43:570][  0]LogUObjectArray: 17178 objects as part of root set at end of initial load.
[2022.02.01-04.47.43:571][  0]LogUObjectAllocator: 4302048 out of 0 bytes used by permanent object pool.
[2022.02.01-04.47.43:571][  0]LogUObjectArray: CloseDisregardForGC: 0/0 objects in disregard for GC pool
[2022.02.01-04.47.43:923][  0]LogNiagaraDebuggerClient: Niagara Debugger Client Initialized | Session: 12077BD34FD405E9B52B1A888000A6F7 | Instance: C91012B6456FC5D2B5D31C81CA203D50 (XENON-24024).
[2022.02.01-04.47.43:989][  0]LogPython: Using Python 3.7.7
[2022.02.01-04.47.44:870][  0]LogUdpMessaging: Initializing bridge on interface 0.0.0.0:0 to multicast group 230.0.0.1:6666.
[2022.02.01-04.47.44:882][  0]LogTcpMessaging: Initializing TcpMessaging bridge
[2022.02.01-04.47.44:993][  0]SourceControl: Source control is disabled
[2022.02.01-04.47.44:993][  0]SourceControl: Source control is disabled
[2022.02.01-04.47.44:995][  0]SourceControl: Source control is disabled
[2022.02.01-04.47.45:000][  0]SourceControl: Source control is disabled
[2022.02.01-04.47.45:006][  0]SourceControl: Source control is disabled
[2022.02.01-04.47.45:019][  0]LogUProjectInfo: Found projects:
[2022.02.01-04.47.45:197][  0]LogOpenImageDenoise: OIDN starting up
[2022.02.01-04.47.45:235][  0]LogAndroidPermission: UAndroidPermissionCallbackProxy::GetInstance
[2022.02.01-04.47.45:251][  0]LogAudioCaptureCore: Display: No Audio Capture implementations found. Audio input will be silent.
[2022.02.01-04.47.45:251][  0]LogAudioCaptureCore: Display: No Audio Capture implementations found. Audio input will be silent.
[2022.02.01-04.47.45:422][  0]LogCollectionManager: Loaded 0 collections in 0.001538 seconds
[2022.02.01-04.47.45:446][  0]LogFileCache: Scanning file cache for directory 'C:/Users/shuss/OneDrive/Desktop/UnrealEngineDev/building-escape/BuildingEscape/Saved/Collections/' took 0.00s
[2022.02.01-04.47.45:446][  0]LogFileCache: Scanning file cache for directory 'C:/Users/shuss/OneDrive/Desktop/UnrealEngineDev/building-escape/BuildingEscape/Content/Developers/shuss/Collections/' took 0.00s
[2022.02.01-04.47.45:446][  0]LogFileCache: Scanning file cache for directory 'C:/Users/shuss/OneDrive/Desktop/UnrealEngineDev/building-escape/BuildingEscape/Content/Collections/' took 0.00s
[2022.02.01-04.47.45:446][  0]LogOcInput: OculusInput pre-init called
[2022.02.01-04.47.45:682][  0]LogEngine: Initializing Engine...
[2022.02.01-04.47.45:727][  0]LogHMD: Failed to enumerate extensions. Please check that you have a valid OpenXR runtime installed.
[2022.02.01-04.47.45:727][  0]LogHMD: Failed to initialize OpenVR with code 110
[2022.02.01-04.47.45:727][  0]LogMagicLeap: Warning: VR disabled because ZI is not enabled.  To enable, in the editor, Edit -> Project Settings -> Plugins -> Magic Leap Plugin -> Enable Zero Iteration
[2022.02.01-04.47.45:728][  0]LogStats: UGameplayTagsManager::InitializeManager -  0.000 s
[2022.02.01-04.47.45:858][  0]LogInit: Initializing FReadOnlyCVARCache
[2022.02.01-04.47.45:868][  0]LogAIModule: Creating AISystem for world Untitled
[2022.02.01-04.47.45:874][  0]LogAudio: Display: Initializing Audio Device Manager...
[2022.02.01-04.47.45:877][  0]LogAudio: Display: Loading Default Audio Settings Objects...
[2022.02.01-04.47.45:878][  0]LogAudio: Display: No default SoundConcurrencyObject specified (or failed to load).
[2022.02.01-04.47.45:879][  0]LogAudio: Display: Audio Device Manager Initialized
[2022.02.01-04.47.45:879][  0]LogAudio: Display: Creating Audio Device:                 Id: 1, Scope: Shared, Realtime: True
[2022.02.01-04.47.45:879][  0]LogAudioMixer: Display: Audio Mixer Platform Settings:
[2022.02.01-04.47.45:879][  0]LogAudioMixer: Display: 	Sample Rate:						  48000
[2022.02.01-04.47.45:879][  0]LogAudioMixer: Display: 	Callback Buffer Frame Size Requested: 1024
[2022.02.01-04.47.45:879][  0]LogAudioMixer: Display: 	Callback Buffer Frame Size To Use:	  1024
[2022.02.01-04.47.45:879][  0]LogAudioMixer: Display: 	Number of buffers to queue:			  2
[2022.02.01-04.47.45:879][  0]LogAudioMixer: Display: 	Max Channels (voices):				  32
[2022.02.01-04.47.45:879][  0]LogAudioMixer: Display: 	Number of Async Source Workers:		  0
[2022.02.01-04.47.45:879][  0]LogAudio: Display: AudioDevice MaxSources: 32
[2022.02.01-04.47.45:879][  0]LogAudio: Display: Audio Spatialization Plugin: None (built-in).
[2022.02.01-04.47.45:879][  0]LogAudio: Display: Audio Reverb Plugin: None (built-in).
[2022.02.01-04.47.45:879][  0]LogAudio: Display: Audio Occlusion Plugin: None (built-in).
[2022.02.01-04.47.45:879][  0]LogAudioMixer: Display: Initializing audio mixer.
[2022.02.01-04.47.45:956][  0]LogAudioMixer: Display: 0: FrontLeft
[2022.02.01-04.47.45:956][  0]LogAudioMixer: Display: 1: FrontRight
[2022.02.01-04.47.45:956][  0]LogAudioMixer: Display: 2: FrontCenter
[2022.02.01-04.47.45:957][  0]LogAudioMixer: Display: 3: LowFrequency
[2022.02.01-04.47.45:957][  0]LogAudioMixer: Display: 4: BackLeft
[2022.02.01-04.47.45:957][  0]LogAudioMixer: Display: 5: BackRight
[2022.02.01-04.47.45:957][  0]LogAudioMixer: Display: 6: SideLeft
[2022.02.01-04.47.45:957][  0]LogAudioMixer: Display: 7: SideRight
[2022.02.01-04.47.46:129][  0]LogAudioMixer: Display: Using Audio Device Speakers (Realtek(R) Audio)
[2022.02.01-04.47.46:133][  0]LogAudioMixer: Display: Initializing Sound Submixes...
[2022.02.01-04.47.46:136][  0]LogAudioMixer: Display: Creating Master Submix 'MasterSubmixDefault'
[2022.02.01-04.47.46:136][  0]LogAudioMixer: Display: Creating Master Submix 'MasterReverbSubmixDefault'
[2022.02.01-04.47.46:137][  0]LogAudioMixer: Display: Creating Master Submix 'MasterEQSubmixDefault'
[2022.02.01-04.47.46:137][  0]LogAudioMixer: FMixerPlatformXAudio2::StartAudioStream() called
[2022.02.01-04.47.46:137][  0]LogAudioMixer: Display: Output buffers initialized: Frames=1024, Channels=8, Samples=8192
[2022.02.01-04.47.46:138][  0]LogAudioMixer: Display: Starting AudioMixerPlatformInterface::RunInternal()
[2022.02.01-04.47.46:138][  0]LogAudioMixer: Display: FMixerPlatformXAudio2::SubmitBuffer() called for the first time
[2022.02.01-04.47.46:138][  0]LogInit: FAudioDevice initialized.
[2022.02.01-04.47.46:139][  0]LogAudio: Display: Audio Device (ID: 1) registered with world 'Untitled'.
[2022.02.01-04.47.46:139][  0]LogNetVersion: Set ProjectVersion to 1.0.0.0. Version Checksum will be recalculated on next use.
[2022.02.01-04.47.46:205][  0]LogDerivedDataCache: Saved boot cache 0.07s 94MB C:/Users/shuss/AppData/Local/UnrealEngine/4.27/DerivedDataCache/Boot.ddc.
[2022.02.01-04.47.46:205][  0]LogInit: Texture streaming: Enabled
[2022.02.01-04.47.46:216][  0]LogAnalytics: Display: [UEEditor.Rocket.Release] APIServer = https://datarouter.ol.epicgames.com/. AppVersion = 4.27.2-18319896+++UE4+Release-4.27
[2022.02.01-04.47.46:219][  0]LogEngineSessionManager: EngineSessionManager initialized
[2022.02.01-04.47.46:219][  0]LogEditorSessionSummary: Verbose: Initializing EditorSessionSummaryWriter for editor session tracking
[2022.02.01-04.47.46:221][  0]LogEditorSessionSummary: EditorSessionSummaryWriter initialized
[2022.02.01-04.47.46:236][  0]LogInit: Transaction tracking system initialized
[2022.02.01-04.47.46:254][  0]BlueprintLog: New page: Editor Load
[2022.02.01-04.47.46:324][  0]LocalizationService: Localization service is disabled
[2022.02.01-04.47.46:345][  0]TimingProfiler: Initialize
[2022.02.01-04.47.46:345][  0]TimingProfiler: OnSessionChanged
[2022.02.01-04.47.46:345][  0]LoadingProfiler: Initialize
[2022.02.01-04.47.46:345][  0]LoadingProfiler: OnSessionChanged
[2022.02.01-04.47.46:345][  0]NetworkingProfiler: Initialize
[2022.02.01-04.47.46:345][  0]NetworkingProfiler: OnSessionChanged
[2022.02.01-04.47.46:345][  0]MemoryProfiler: Initialize
[2022.02.01-04.47.46:345][  0]MemoryProfiler: OnSessionChanged
[2022.02.01-04.47.46:532][  0]LogCook: Display: CookSettings for Memory: MemoryMaxUsedVirtual 0MiB, MemoryMaxUsedPhysical 16384MiB, MemoryMinFreeVirtual 0MiB, MemoryMinFreePhysical 1024MiB
[2022.02.01-04.47.46:532][  0]LogFileCache: Scanning file cache for directory 'C:/Users/shuss/OneDrive/Desktop/UnrealEngineDev/building-escape/BuildingEscape/Content/' took 0.00s
[2022.02.01-04.47.46:532][  0]LogCook: Display: Mobile HDR setting 1
[2022.02.01-04.47.46:880][  0]LogInit: Display: Engine is initialized. Leaving FEngineLoop::Init()
[2022.02.01-04.47.46:884][  0]SourceControl: Source control is disabled
[2022.02.01-04.47.46:884][  0]LogUnrealEdMisc: Loading editor; pre map load, took 7.755
[2022.02.01-04.47.46:884][  0]Cmd: MAP LOAD FILE="../../../Engine/Content/Maps/Templates/Template_Default.umap" TEMPLATE=1 SHOWPROGRESS=1 FEATURELEVEL=3
[2022.02.01-04.47.46:885][  0]LightingResults: New page: Lighting Build
[2022.02.01-04.47.46:887][  0]LogWorld: UWorld::CleanupWorld for Untitled, bSessionEnded=true, bCleanupResources=true
[2022.02.01-04.47.46:888][  0]LogSlate: InvalidateAllWidgets triggered.  All widgets were invalidated
[2022.02.01-04.47.46:888][  0]MapCheck: New page: Map Check
[2022.02.01-04.47.46:888][  0]LightingResults: New page: Lighting Build
[2022.02.01-04.47.46:894][  0]LogAudio: Display: Audio Device unregistered from world 'None'.
[2022.02.01-04.47.46:899][  0]LogUObjectHash: Compacting FUObjectHashTables data took   1.47ms
[2022.02.01-04.47.46:975][  0]LogTexture: Display: Building textures: DeprecatedTextureEB9CBE3C423008B5E8E130901E171C89 (BGRA8, 128X128)
[2022.02.01-04.47.46:983][  0]LogAudio: Display: Audio Device (ID: 1) registered with world 'Untitled_1'.
[2022.02.01-04.47.46:984][  0]LogAIModule: Creating AISystem for world Untitled_1
[2022.02.01-04.47.46:987][  0]LogEditorServer: Finished looking for orphan Actors (0.000 secs)
[2022.02.01-04.47.46:996][  0]LogUObjectHash: Compacting FUObjectHashTables data took   0.96ms
[2022.02.01-04.47.46:996][  0]Cmd: MAP CHECKDEP NOCLEARLOG
[2022.02.01-04.47.46:997][  0]MapCheck: Map check complete: 0 Error(s), 0 Warning(s), took 0.196ms to complete.
[2022.02.01-04.47.46:997][  0]LogFileHelpers: Loading map 'Template_Default' took 0.112
[2022.02.01-04.47.46:999][  0]LogUnrealEdMisc: Total Editor Startup Time, took 7.870
[2022.02.01-04.47.47:246][  0]LogSlate: Updating window title bar state: overlay mode, drag disabled, window buttons hidden, title bar hidden
[2022.02.01-04.47.47:253][  0]LogSlate: Updating window title bar state: overlay mode, drag disabled, window buttons hidden, title bar hidden
[2022.02.01-04.47.47:263][  0]LogSlate: Updating window title bar state: overlay mode, drag disabled, window buttons hidden, title bar hidden
[2022.02.01-04.47.47:270][  0]LogSlate: Updating window title bar state: overlay mode, drag disabled, window buttons hidden, title bar hidden
[2022.02.01-04.47.47:321][  0]LogNativeClassHierarchy: Verbose: Native class hierarchy populated in 0.0132 seconds. Added 3823 classes and 930 folders.
[2022.02.01-04.47.47:328][  0]LogNativeClassHierarchy: Verbose: Native class hierarchy updated for 'WidgetCarousel' in 0.0003 seconds. Added 0 classes and 0 folders.
[2022.02.01-04.47.47:329][  0]LogPakFile: PakFile PrimaryIndexSize=187
[2022.02.01-04.47.47:329][  0]LogPakFile: PakFile PathHashIndexSize=101
[2022.02.01-04.47.47:329][  0]LogPakFile: PakFile FullDirectoryIndexSize=148
[2022.02.01-04.47.47:329][  0]LogShaderLibrary: Display: ShaderCodeLibraryPakFileMountedCallback: PakFile 'C:/Program Files/Epic Games/UE_4.27/FeaturePacks/FP_FirstPerson.upack' (chunk index -1, root 'root:/') mounted
[2022.02.01-04.47.47:329][  0]LogShaderLibrary: Display: ShaderCodeLibraryPakFileMountedCallback: pending pak file info (ChunkID:-1 Root:root:/ File:C:/Program Files/Epic Games/UE_4.27/FeaturePacks/FP_FirstPerson.upack)
[2022.02.01-04.47.47:329][  0]LogPakFile: OnPakFileMounted2Time == 0.000054
[2022.02.01-04.47.47:330][  0]LogPakFile: PakFile PrimaryIndexSize=189
[2022.02.01-04.47.47:330][  0]LogPakFile: PakFile PathHashIndexSize=101
[2022.02.01-04.47.47:330][  0]LogPakFile: PakFile FullDirectoryIndexSize=152
[2022.02.01-04.47.47:330][  0]LogShaderLibrary: Display: ShaderCodeLibraryPakFileMountedCallback: PakFile 'C:/Program Files/Epic Games/UE_4.27/FeaturePacks/FP_FirstPersonBP.upack' (chunk index -1, root 'root:/') mounted
[2022.02.01-04.47.47:330][  0]LogShaderLibrary: Display: ShaderCodeLibraryPakFileMountedCallback: pending pak file info (ChunkID:-1 Root:root:/ File:C:/Program Files/Epic Games/UE_4.27/FeaturePacks/FP_FirstPersonBP.upack)
[2022.02.01-04.47.47:330][  0]LogPakFile: OnPakFileMounted2Time == 0.000038
[2022.02.01-04.47.47:330][  0]LogPakFile: PakFile PrimaryIndexSize=191
[2022.02.01-04.47.47:330][  0]LogPakFile: PakFile PathHashIndexSize=101
[2022.02.01-04.47.47:330][  0]LogPakFile: PakFile FullDirectoryIndexSize=160
[2022.02.01-04.47.47:330][  0]LogShaderLibrary: Display: ShaderCodeLibraryPakFileMountedCallback: PakFile 'C:/Program Files/Epic Games/UE_4.27/FeaturePacks/MobileStarterContent.upack' (chunk index -1, root 'root:/') mounted
[2022.02.01-04.47.47:330][  0]LogShaderLibrary: Display: ShaderCodeLibraryPakFileMountedCallback: pending pak file info (ChunkID:-1 Root:root:/ File:C:/Program Files/Epic Games/UE_4.27/FeaturePacks/MobileStarterContent.upack)
[2022.02.01-04.47.47:330][  0]LogPakFile: OnPakFileMounted2Time == 0.000033
[2022.02.01-04.47.47:331][  0]LogPakFile: PakFile PrimaryIndexSize=185
[2022.02.01-04.47.47:331][  0]LogPakFile: PakFile PathHashIndexSize=101
[2022.02.01-04.47.47:331][  0]LogPakFile: PakFile FullDirectoryIndexSize=148
[2022.02.01-04.47.47:331][  0]LogShaderLibrary: Display: ShaderCodeLibraryPakFileMountedCallback: PakFile 'C:/Program Files/Epic Games/UE_4.27/FeaturePacks/StarterContent.upack' (chunk index -1, root 'root:/') mounted
[2022.02.01-04.47.47:331][  0]LogShaderLibrary: Display: ShaderCodeLibraryPakFileMountedCallback: pending pak file info (ChunkID:-1 Root:root:/ File:C:/Program Files/Epic Games/UE_4.27/FeaturePacks/StarterContent.upack)
[2022.02.01-04.47.47:331][  0]LogPakFile: OnPakFileMounted2Time == 0.000034
[2022.02.01-04.47.47:331][  0]LogPakFile: PakFile PrimaryIndexSize=190
[2022.02.01-04.47.47:331][  0]LogPakFile: PakFile PathHashIndexSize=101
[2022.02.01-04.47.47:331][  0]LogPakFile: PakFile FullDirectoryIndexSize=154
[2022.02.01-04.47.47:331][  0]LogShaderLibrary: Display: ShaderCodeLibraryPakFileMountedCallback: PakFile 'C:/Program Files/Epic Games/UE_4.27/FeaturePacks/TP_2DSideScroller.upack' (chunk index -1, root 'root:/') mounted
[2022.02.01-04.47.47:331][  0]LogShaderLibrary: Display: ShaderCodeLibraryPakFileMountedCallback: pending pak file info (ChunkID:-1 Root:root:/ File:C:/Program Files/Epic Games/UE_4.27/FeaturePacks/TP_2DSideScroller.upack)
[2022.02.01-04.47.47:331][  0]LogPakFile: OnPakFileMounted2Time == 0.000036
[2022.02.01-04.47.47:332][  0]LogPakFile: PakFile PrimaryIndexSize=192
[2022.02.01-04.47.47:332][  0]LogPakFile: PakFile PathHashIndexSize=101
[2022.02.01-04.47.47:332][  0]LogPakFile: PakFile FullDirectoryIndexSize=158
[2022.02.01-04.47.47:332][  0]LogShaderLibrary: Display: ShaderCodeLibraryPakFileMountedCallback: PakFile 'C:/Program Files/Epic Games/UE_4.27/FeaturePacks/TP_2DSideScrollerBP.upack' (chunk index -1, root 'root:/') mounted
[2022.02.01-04.47.47:332][  0]LogShaderLibrary: Display: ShaderCodeLibraryPakFileMountedCallback: pending pak file info (ChunkID:-1 Root:root:/ File:C:/Program Files/Epic Games/UE_4.27/FeaturePacks/TP_2DSideScrollerBP.upack)
[2022.02.01-04.47.47:332][  0]LogPakFile: OnPakFileMounted2Time == 0.000032
[2022.02.01-04.47.47:332][  0]LogPakFile: PakFile PrimaryIndexSize=182
[2022.02.01-04.47.47:332][  0]LogPakFile: PakFile PathHashIndexSize=101
[2022.02.01-04.47.47:332][  0]LogPakFile: PakFile FullDirectoryIndexSize=138
[2022.02.01-04.47.47:332][  0]LogShaderLibrary: Display: ShaderCodeLibraryPakFileMountedCallback: PakFile 'C:/Program Files/Epic Games/UE_4.27/FeaturePacks/TP_Flying.upack' (chunk index -1, root 'root:/') mounted
[2022.02.01-04.47.47:332][  0]LogShaderLibrary: Display: ShaderCodeLibraryPakFileMountedCallback: pending pak file info (ChunkID:-1 Root:root:/ File:C:/Program Files/Epic Games/UE_4.27/FeaturePacks/TP_Flying.upack)
[2022.02.01-04.47.47:332][  0]LogPakFile: OnPakFileMounted2Time == 0.000032
[2022.02.01-04.47.47:333][  0]LogPakFile: PakFile PrimaryIndexSize=184
[2022.02.01-04.47.47:333][  0]LogPakFile: PakFile PathHashIndexSize=101
[2022.02.01-04.47.47:333][  0]LogPakFile: PakFile FullDirectoryIndexSize=142
[2022.02.01-04.47.47:333][  0]LogShaderLibrary: Display: ShaderCodeLibraryPakFileMountedCallback: PakFile 'C:/Program Files/Epic Games/UE_4.27/FeaturePacks/TP_FlyingBP.upack' (chunk index -1, root 'root:/') mounted
[2022.02.01-04.47.47:333][  0]LogShaderLibrary: Display: ShaderCodeLibraryPakFileMountedCallback: pending pak file info (ChunkID:-1 Root:root:/ File:C:/Program Files/Epic Games/UE_4.27/FeaturePacks/TP_FlyingBP.upack)
[2022.02.01-04.47.47:333][  0]LogPakFile: OnPakFileMounted2Time == 0.000032
[2022.02.01-04.47.47:333][  0]LogPakFile: PakFile PrimaryIndexSize=188
[2022.02.01-04.47.47:333][  0]LogPakFile: PakFile PathHashIndexSize=101
[2022.02.01-04.47.47:333][  0]LogPakFile: PakFile FullDirectoryIndexSize=150
[2022.02.01-04.47.47:333][  0]LogShaderLibrary: Display: ShaderCodeLibraryPakFileMountedCallback: PakFile 'C:/Program Files/Epic Games/UE_4.27/FeaturePacks/TP_HandheldARBP.upack' (chunk index -1, root 'root:/') mounted
[2022.02.01-04.47.47:333][  0]LogShaderLibrary: Display: ShaderCodeLibraryPakFileMountedCallback: pending pak file info (ChunkID:-1 Root:root:/ File:C:/Program Files/Epic Games/UE_4.27/FeaturePacks/TP_HandheldARBP.upack)
[2022.02.01-04.47.47:333][  0]LogPakFile: OnPakFileMounted2Time == 0.000032
[2022.02.01-04.47.47:334][  0]LogPakFile: PakFile PrimaryIndexSize=182
[2022.02.01-04.47.47:334][  0]LogPakFile: PakFile PathHashIndexSize=101
[2022.02.01-04.47.47:334][  0]LogPakFile: PakFile FullDirectoryIndexSize=138
[2022.02.01-04.47.47:334][  0]LogShaderLibrary: Display: ShaderCodeLibraryPakFileMountedCallback: PakFile 'C:/Program Files/Epic Games/UE_4.27/FeaturePacks/TP_Puzzle.upack' (chunk index -1, root 'root:/') mounted
[2022.02.01-04.47.47:334][  0]LogShaderLibrary: Display: ShaderCodeLibraryPakFileMountedCallback: pending pak file info (ChunkID:-1 Root:root:/ File:C:/Program Files/Epic Games/UE_4.27/FeaturePacks/TP_Puzzle.upack)
[2022.02.01-04.47.47:334][  0]LogPakFile: OnPakFileMounted2Time == 0.000032
[2022.02.01-04.47.47:335][  0]LogPakFile: PakFile PrimaryIndexSize=184
[2022.02.01-04.47.47:335][  0]LogPakFile: PakFile PathHashIndexSize=101
[2022.02.01-04.47.47:335][  0]LogPakFile: PakFile FullDirectoryIndexSize=142
[2022.02.01-04.47.47:335][  0]LogShaderLibrary: Display: ShaderCodeLibraryPakFileMountedCallback: PakFile 'C:/Program Files/Epic Games/UE_4.27/FeaturePacks/TP_PuzzleBP.upack' (chunk index -1, root 'root:/') mounted
[2022.02.01-04.47.47:335][  0]LogShaderLibrary: Display: ShaderCodeLibraryPakFileMountedCallback: pending pak file info (ChunkID:-1 Root:root:/ File:C:/Program Files/Epic Games/UE_4.27/FeaturePacks/TP_PuzzleBP.upack)
[2022.02.01-04.47.47:335][  0]LogPakFile: OnPakFileMounted2Time == 0.000032
[2022.02.01-04.47.47:335][  0]LogPakFile: PakFile PrimaryIndexSize=183
[2022.02.01-04.47.47:335][  0]LogPakFile: PakFile PathHashIndexSize=101
[2022.02.01-04.47.47:335][  0]LogPakFile: PakFile FullDirectoryIndexSize=140
[2022.02.01-04.47.47:335][  0]LogShaderLibrary: Display: ShaderCodeLibraryPakFileMountedCallback: PakFile 'C:/Program Files/Epic Games/UE_4.27/FeaturePacks/TP_Rolling.upack' (chunk index -1, root 'root:/') mounted
[2022.02.01-04.47.47:335][  0]LogShaderLibrary: Display: ShaderCodeLibraryPakFileMountedCallback: pending pak file info (ChunkID:-1 Root:root:/ File:C:/Program Files/Epic Games/UE_4.27/FeaturePacks/TP_Rolling.upack)
[2022.02.01-04.47.47:335][  0]LogPakFile: OnPakFileMounted2Time == 0.000032
[2022.02.01-04.47.47:336][  0]LogPakFile: PakFile PrimaryIndexSize=185
[2022.02.01-04.47.47:336][  0]LogPakFile: PakFile PathHashIndexSize=101
[2022.02.01-04.47.47:336][  0]LogPakFile: PakFile FullDirectoryIndexSize=144
[2022.02.01-04.47.47:336][  0]LogShaderLibrary: Display: ShaderCodeLibraryPakFileMountedCallback: PakFile 'C:/Program Files/Epic Games/UE_4.27/FeaturePacks/TP_RollingBP.upack' (chunk index -1, root 'root:/') mounted
[2022.02.01-04.47.47:336][  0]LogShaderLibrary: Display: ShaderCodeLibraryPakFileMountedCallback: pending pak file info (ChunkID:-1 Root:root:/ File:C:/Program Files/Epic Games/UE_4.27/FeaturePacks/TP_RollingBP.upack)
[2022.02.01-04.47.47:336][  0]LogPakFile: OnPakFileMounted2Time == 0.000034
[2022.02.01-04.47.47:336][  0]LogPakFile: PakFile PrimaryIndexSize=188
[2022.02.01-04.47.47:336][  0]LogPakFile: PakFile PathHashIndexSize=101
[2022.02.01-04.47.47:336][  0]LogPakFile: PakFile FullDirectoryIndexSize=150
[2022.02.01-04.47.47:336][  0]LogShaderLibrary: Display: ShaderCodeLibraryPakFileMountedCallback: PakFile 'C:/Program Files/Epic Games/UE_4.27/FeaturePacks/TP_SideScroller.upack' (chunk index -1, root 'root:/') mounted
[2022.02.01-04.47.47:336][  0]LogShaderLibrary: Display: ShaderCodeLibraryPakFileMountedCallback: pending pak file info (ChunkID:-1 Root:root:/ File:C:/Program Files/Epic Games/UE_4.27/FeaturePacks/TP_SideScroller.upack)
[2022.02.01-04.47.47:336][  0]LogPakFile: OnPakFileMounted2Time == 0.000032
[2022.02.01-04.47.47:337][  0]LogPakFile: PakFile PrimaryIndexSize=190
[2022.02.01-04.47.47:337][  0]LogPakFile: PakFile PathHashIndexSize=101
[2022.02.01-04.47.47:337][  0]LogPakFile: PakFile FullDirectoryIndexSize=154
[2022.02.01-04.47.47:337][  0]LogShaderLibrary: Display: ShaderCodeLibraryPakFileMountedCallback: PakFile 'C:/Program Files/Epic Games/UE_4.27/FeaturePacks/TP_SideScrollerBP.upack' (chunk index -1, root 'root:/') mounted
[2022.02.01-04.47.47:337][  0]LogShaderLibrary: Display: ShaderCodeLibraryPakFileMountedCallback: pending pak file info (ChunkID:-1 Root:root:/ File:C:/Program Files/Epic Games/UE_4.27/FeaturePacks/TP_SideScrollerBP.upack)
[2022.02.01-04.47.47:337][  0]LogPakFile: OnPakFileMounted2Time == 0.000034
[2022.02.01-04.47.47:337][  0]LogPakFile: PakFile PrimaryIndexSize=187
[2022.02.01-04.47.47:337][  0]LogPakFile: PakFile PathHashIndexSize=101
[2022.02.01-04.47.47:338][  0]LogPakFile: PakFile FullDirectoryIndexSize=148
[2022.02.01-04.47.47:338][  0]LogShaderLibrary: Display: ShaderCodeLibraryPakFileMountedCallback: PakFile 'C:/Program Files/Epic Games/UE_4.27/FeaturePacks/TP_ThirdPerson.upack' (chunk index -1, root 'root:/') mounted
[2022.02.01-04.47.47:338][  0]LogShaderLibrary: Display: ShaderCodeLibraryPakFileMountedCallback: pending pak file info (ChunkID:-1 Root:root:/ File:C:/Program Files/Epic Games/UE_4.27/FeaturePacks/TP_ThirdPerson.upack)
[2022.02.01-04.47.47:338][  0]LogPakFile: OnPakFileMounted2Time == 0.000034
[2022.02.01-04.47.47:338][  0]LogPakFile: PakFile PrimaryIndexSize=189
[2022.02.01-04.47.47:338][  0]LogPakFile: PakFile PathHashIndexSize=101
[2022.02.01-04.47.47:338][  0]LogPakFile: PakFile FullDirectoryIndexSize=152
[2022.02.01-04.47.47:338][  0]LogShaderLibrary: Display: ShaderCodeLibraryPakFileMountedCallback: PakFile 'C:/Program Files/Epic Games/UE_4.27/FeaturePacks/TP_ThirdPersonBP.upack' (chunk index -1, root 'root:/') mounted
[2022.02.01-04.47.47:338][  0]LogShaderLibrary: Display: ShaderCodeLibraryPakFileMountedCallback: pending pak file info (ChunkID:-1 Root:root:/ File:C:/Program Files/Epic Games/UE_4.27/FeaturePacks/TP_ThirdPersonBP.upack)
[2022.02.01-04.47.47:338][  0]LogPakFile: OnPakFileMounted2Time == 0.000034
[2022.02.01-04.47.47:339][  0]LogPakFile: PakFile PrimaryIndexSize=183
[2022.02.01-04.47.47:339][  0]LogPakFile: PakFile PathHashIndexSize=101
[2022.02.01-04.47.47:339][  0]LogPakFile: PakFile FullDirectoryIndexSize=140
[2022.02.01-04.47.47:339][  0]LogShaderLibrary: Display: ShaderCodeLibraryPakFileMountedCallback: PakFile 'C:/Program Files/Epic Games/UE_4.27/FeaturePacks/TP_TopDown.upack' (chunk index -1, root 'root:/') mounted
[2022.02.01-04.47.47:339][  0]LogShaderLibrary: Display: ShaderCodeLibraryPakFileMountedCallback: pending pak file info (ChunkID:-1 Root:root:/ File:C:/Program Files/Epic Games/UE_4.27/FeaturePacks/TP_TopDown.upack)
[2022.02.01-04.47.47:339][  0]LogPakFile: OnPakFileMounted2Time == 0.000040
[2022.02.01-04.47.47:339][  0]LogPakFile: PakFile PrimaryIndexSize=185
[2022.02.01-04.47.47:339][  0]LogPakFile: PakFile PathHashIndexSize=101
[2022.02.01-04.47.47:339][  0]LogPakFile: PakFile FullDirectoryIndexSize=144
[2022.02.01-04.47.47:339][  0]LogShaderLibrary: Display: ShaderCodeLibraryPakFileMountedCallback: PakFile 'C:/Program Files/Epic Games/UE_4.27/FeaturePacks/TP_TopDownBP.upack' (chunk index -1, root 'root:/') mounted
[2022.02.01-04.47.47:339][  0]LogShaderLibrary: Display: ShaderCodeLibraryPakFileMountedCallback: pending pak file info (ChunkID:-1 Root:root:/ File:C:/Program Files/Epic Games/UE_4.27/FeaturePacks/TP_TopDownBP.upack)
[2022.02.01-04.47.47:339][  0]LogPakFile: OnPakFileMounted2Time == 0.000040
[2022.02.01-04.47.47:340][  0]LogPakFile: PakFile PrimaryIndexSize=185
[2022.02.01-04.47.47:340][  0]LogPakFile: PakFile PathHashIndexSize=101
[2022.02.01-04.47.47:340][  0]LogPakFile: PakFile FullDirectoryIndexSize=144
[2022.02.01-04.47.47:340][  0]LogShaderLibrary: Display: ShaderCodeLibraryPakFileMountedCallback: PakFile 'C:/Program Files/Epic Games/UE_4.27/FeaturePacks/TP_TwinStick.upack' (chunk index -1, root 'root:/') mounted
[2022.02.01-04.47.47:340][  0]LogShaderLibrary: Display: ShaderCodeLibraryPakFileMountedCallback: pending pak file info (ChunkID:-1 Root:root:/ File:C:/Program Files/Epic Games/UE_4.27/FeaturePacks/TP_TwinStick.upack)
[2022.02.01-04.47.47:340][  0]LogPakFile: OnPakFileMounted2Time == 0.000033
[2022.02.01-04.47.47:340][  0]LogPakFile: PakFile PrimaryIndexSize=187
[2022.02.01-04.47.47:340][  0]LogPakFile: PakFile PathHashIndexSize=101
[2022.02.01-04.47.47:340][  0]LogPakFile: PakFile FullDirectoryIndexSize=148
[2022.02.01-04.47.47:340][  0]LogShaderLibrary: Display: ShaderCodeLibraryPakFileMountedCallback: PakFile 'C:/Program Files/Epic Games/UE_4.27/FeaturePacks/TP_TwinStickBP.upack' (chunk index -1, root 'root:/') mounted
[2022.02.01-04.47.47:340][  0]LogShaderLibrary: Display: ShaderCodeLibraryPakFileMountedCallback: pending pak file info (ChunkID:-1 Root:root:/ File:C:/Program Files/Epic Games/UE_4.27/FeaturePacks/TP_TwinStickBP.upack)
[2022.02.01-04.47.47:340][  0]LogPakFile: OnPakFileMounted2Time == 0.000033
[2022.02.01-04.47.47:341][  0]LogPakFile: PakFile PrimaryIndexSize=183
[2022.02.01-04.47.47:341][  0]LogPakFile: PakFile PathHashIndexSize=101
[2022.02.01-04.47.47:341][  0]LogPakFile: PakFile FullDirectoryIndexSize=140
[2022.02.01-04.47.47:341][  0]LogShaderLibrary: Display: ShaderCodeLibraryPakFileMountedCallback: PakFile 'C:/Program Files/Epic Games/UE_4.27/FeaturePacks/TP_Vehicle.upack' (chunk index -1, root 'root:/') mounted
[2022.02.01-04.47.47:341][  0]LogShaderLibrary: Display: ShaderCodeLibraryPakFileMountedCallback: pending pak file info (ChunkID:-1 Root:root:/ File:C:/Program Files/Epic Games/UE_4.27/FeaturePacks/TP_Vehicle.upack)
[2022.02.01-04.47.47:341][  0]LogPakFile: OnPakFileMounted2Time == 0.000032
[2022.02.01-04.47.47:341][  0]LogPakFile: PakFile PrimaryIndexSize=186
[2022.02.01-04.47.47:341][  0]LogPakFile: PakFile PathHashIndexSize=101
[2022.02.01-04.47.47:341][  0]LogPakFile: PakFile FullDirectoryIndexSize=146
[2022.02.01-04.47.47:342][  0]LogShaderLibrary: Display: ShaderCodeLibraryPakFileMountedCallback: PakFile 'C:/Program Files/Epic Games/UE_4.27/FeaturePacks/TP_VehicleAdv.upack' (chunk index -1, root 'root:/') mounted
[2022.02.01-04.47.47:342][  0]LogShaderLibrary: Display: ShaderCodeLibraryPakFileMountedCallback: pending pak file info (ChunkID:-1 Root:root:/ File:C:/Program Files/Epic Games/UE_4.27/FeaturePacks/TP_VehicleAdv.upack)
[2022.02.01-04.47.47:342][  0]LogPakFile: OnPakFileMounted2Time == 0.000033
[2022.02.01-04.47.47:342][  0]LogPakFile: PakFile PrimaryIndexSize=188
[2022.02.01-04.47.47:342][  0]LogPakFile: PakFile PathHashIndexSize=101
[2022.02.01-04.47.47:342][  0]LogPakFile: PakFile FullDirectoryIndexSize=150
[2022.02.01-04.47.47:342][  0]LogShaderLibrary: Display: ShaderCodeLibraryPakFileMountedCallback: PakFile 'C:/Program Files/Epic Games/UE_4.27/FeaturePacks/TP_VehicleAdvBP.upack' (chunk index -1, root 'root:/') mounted
[2022.02.01-04.47.47:342][  0]LogShaderLibrary: Display: ShaderCodeLibraryPakFileMountedCallback: pending pak file info (ChunkID:-1 Root:root:/ File:C:/Program Files/Epic Games/UE_4.27/FeaturePacks/TP_VehicleAdvBP.upack)
[2022.02.01-04.47.47:342][  0]LogPakFile: OnPakFileMounted2Time == 0.000032
[2022.02.01-04.47.47:343][  0]LogPakFile: PakFile PrimaryIndexSize=185
[2022.02.01-04.47.47:343][  0]LogPakFile: PakFile PathHashIndexSize=101
[2022.02.01-04.47.47:343][  0]LogPakFile: PakFile FullDirectoryIndexSize=144
[2022.02.01-04.47.47:343][  0]LogShaderLibrary: Display: ShaderCodeLibraryPakFileMountedCallback: PakFile 'C:/Program Files/Epic Games/UE_4.27/FeaturePacks/TP_VehicleBP.upack' (chunk index -1, root 'root:/') mounted
[2022.02.01-04.47.47:343][  0]LogShaderLibrary: Display: ShaderCodeLibraryPakFileMountedCallback: pending pak file info (ChunkID:-1 Root:root:/ File:C:/Program Files/Epic Games/UE_4.27/FeaturePacks/TP_VehicleBP.upack)
[2022.02.01-04.47.47:343][  0]LogPakFile: OnPakFileMounted2Time == 0.000040
[2022.02.01-04.47.47:343][  0]LogPakFile: PakFile PrimaryIndexSize=192
[2022.02.01-04.47.47:343][  0]LogPakFile: PakFile PathHashIndexSize=101
[2022.02.01-04.47.47:343][  0]LogPakFile: PakFile FullDirectoryIndexSize=158
[2022.02.01-04.47.47:343][  0]LogShaderLibrary: Display: ShaderCodeLibraryPakFileMountedCallback: PakFile 'C:/Program Files/Epic Games/UE_4.27/FeaturePacks/TP_VirtualRealityBP.upack' (chunk index -1, root 'root:/') mounted
[2022.02.01-04.47.47:343][  0]LogShaderLibrary: Display: ShaderCodeLibraryPakFileMountedCallback: pending pak file info (ChunkID:-1 Root:root:/ File:C:/Program Files/Epic Games/UE_4.27/FeaturePacks/TP_VirtualRealityBP.upack)
[2022.02.01-04.47.47:343][  0]LogPakFile: OnPakFileMounted2Time == 0.000034
[2022.02.01-04.47.47:387][  0]LogNativeClassHierarchy: Verbose: Native class hierarchy updated for 'AddContentDialog' in 0.0003 seconds. Added 0 classes and 0 folders.
[2022.02.01-04.47.47:394][  0]LogNativeClassHierarchy: Verbose: Native class hierarchy updated for 'SceneOutliner' in 0.0003 seconds. Added 2 classes and 0 folders.
[2022.02.01-04.47.47:503][  0]LogSlate: Took 0.000192 seconds to synchronously load lazily loaded font '../../../Engine/Content/Slate/Fonts/Roboto-Regular.ttf' (155K)
[2022.02.01-04.47.47:513][  0]LogSlate: Took 0.008957 seconds to synchronously load lazily loaded font '../../../Engine/Content/Editor/Slate/Fonts/FontAwesome.ttf' (139K)
[2022.02.01-04.47.47:515][  0]LogSlate: Took 0.000124 seconds to synchronously load lazily loaded font '../../../Engine/Content/Slate/Fonts/Roboto-Bold.ttf' (160K)
[2022.02.01-04.47.47:679][  0]LogRenderer: Reallocating scene render targets to support 1312x620 Format 10 NumSamples 1 (Frame:1).
[2022.02.01-04.47.47:828][  0]LogNativeClassHierarchy: Verbose: Native class hierarchy updated for 'HierarchicalLODOutliner' in 0.0003 seconds. Added 0 classes and 0 folders.
[2022.02.01-04.47.47:828][  0]LogLoad: (Engine Initialization) Total time: 8.70 seconds
[2022.02.01-04.47.47:828][  0]LogLoad: (Engine Initialization) Total Blueprint compile time: 0.00 seconds
[2022.02.01-04.47.47:870][  0]LogAssetRegistry: Asset discovery search completed in 5.3847 seconds
[2022.02.01-04.47.47:875][  0]LogCollectionManager: Fixed up redirectors for 0 collections in 0.000003 seconds (updated 0 objects)
[2022.02.01-04.47.47:877][  0]LogContentStreaming: Texture pool size now 1000 MB
[2022.02.01-04.50.30:993][530]LogSlate: Took 0.018492 seconds to synchronously load lazily loaded font '../../../Engine/Content/Slate/Fonts/Roboto-Italic.ttf' (157K)
[2022.02.01-04.51.04:755][790]LogEditorViewport: Clicking on Actor (LMB): BP_Sky_Sphere_C (Sky Sphere)
